This is pdfTeX, Version 3.1415926-2.3-1.40.12 (MiKTeX 2.9) (preloaded format=pdflatex 2013.9.11)  2 NOV 2013 15:15
entering extended mode
**C:/Users/Double/Desktop/nonparametric_mixture/arXiv/nonparametric_mixture.tex

(C:/Users/Double/Desktop/nonparametric_mixture/arXiv/nonparametric_mixture.tex
LaTeX2e <2011/06/27>
Babel <v3.8m> and hyphenation patterns for loaded.
("C:\Program Files (x86)\CTEX\MiKTeX\tex\latex\base\article.cls"
Document Class: article 2007/10/19 v1.4h Standard LaTeX document class
("C:\Program Files (x86)\CTEX\MiKTeX\tex\latex\base\size10.clo"
File: size10.clo 2007/10/19 v1.4h Standard LaTeX file (size option)
)
\c@part=\count79
\c@section=\count80
\c@subsection=\count81
\c@subsubsection=\count82
\c@paragraph=\count83
\c@subparagraph=\count84
\c@figure=\count85
\c@table=\count86
\abovecaptionskip=\skip41
\belowcaptionskip=\skip42
\bibindent=\dimen102
)
("C:\Program Files (x86)\CTEX\MiKTeX\tex\latex\graphics\graphicx.sty"
Package: graphicx 1999/02/16 v1.0f Enhanced LaTeX Graphics (DPC,SPQR)

("C:\Program Files (x86)\CTEX\MiKTeX\tex\latex\graphics\keyval.sty"
Package: keyval 1999/03/16 v1.13 key=value parser (DPC)
\KV@toks@=\toks14
)
("C:\Program Files (x86)\CTEX\MiKTeX\tex\latex\graphics\graphics.sty"
Package: graphics 2009/02/05 v1.0o Standard LaTeX Graphics (DPC,SPQR)

("C:\Program Files (x86)\CTEX\MiKTeX\tex\latex\graphics\trig.sty"
Package: trig 1999/03/16 v1.09 sin cos tan (DPC)
)
("C:\Program Files (x86)\CTEX\MiKTeX\tex\latex\00miktex\graphics.cfg"
File: graphics.cfg 2007/01/18 v1.5 graphics configuration of teTeX/TeXLive
)
Package graphics Info: Driver file: pdftex.def on input line 91.

("C:\Program Files (x86)\CTEX\MiKTeX\tex\latex\pdftex-def\pdftex.def"
File: pdftex.def 2011/05/27 v0.06d Graphics/color for pdfTeX

("C:\Program Files (x86)\CTEX\MiKTeX\tex\generic\oberdiek\infwarerr.sty"
Package: infwarerr 2010/04/08 v1.3 Providing info/warning/message (HO)
)
("C:\Program Files (x86)\CTEX\MiKTeX\tex\generic\oberdiek\ltxcmds.sty"
Package: ltxcmds 2011/04/18 v1.20 LaTeX kernel commands for general use (HO)
)
\Gread@gobject=\count87
))
\Gin@req@height=\dimen103
\Gin@req@width=\dimen104
)
("C:\Program Files (x86)\CTEX\MiKTeX\tex\latex\subfigure\subfigure.sty"
Package: subfigure 2002/07/30 v2.1.4 subfigure package
\subfigtopskip=\skip43
\subfigcapskip=\skip44
\subfigcaptopadj=\dimen105
\subfigbottomskip=\skip45
\subfigcapmargin=\dimen106
\subfiglabelskip=\skip46
\c@subfigure=\count88
\c@lofdepth=\count89
\c@subtable=\count90
\c@lotdepth=\count91

****************************************
* Local config file subfigure.cfg used *
****************************************
("C:\Program Files (x86)\CTEX\MiKTeX\tex\latex\subfigure\subfigure.cfg")
\subfig@top=\skip47
\subfig@bottom=\skip48
)
(C:\Users\Double\Desktop\nonparametric_mixture\arXiv\natbib.sty
Package: natbib 2009/07/16 8.31 (PWD, AO)
\bibhang=\skip49
\bibsep=\skip50
LaTeX Info: Redefining \cite on input line 694.
\c@NAT@ctr=\count92
)
("C:\Program Files (x86)\CTEX\MiKTeX\tex\latex\algorithms\algorithm.sty"
Package: algorithm 2009/08/24 v0.1 Document Style `algorithm' - floating enviro
nment

("C:\Program Files (x86)\CTEX\MiKTeX\tex\latex\float\float.sty"
Package: float 2001/11/08 v1.3d Float enhancements (AL)
\c@float@type=\count93
\float@exts=\toks15
\float@box=\box26
\@float@everytoks=\toks16
\@floatcapt=\box27
)
("C:\Program Files (x86)\CTEX\MiKTeX\tex\latex\base\ifthen.sty"
Package: ifthen 2001/05/26 v1.1c Standard LaTeX ifthen package (DPC)
)
\@float@every@algorithm=\toks17
\c@algorithm=\count94
)
("C:\Program Files (x86)\CTEX\MiKTeX\tex\latex\algorithms\algorithmic.sty"
Package: algorithmic 2009/08/24 v0.1 Document Style `algorithmic'
\c@ALC@unique=\count95
\c@ALC@line=\count96
\c@ALC@rem=\count97
\c@ALC@depth=\count98
\ALC@tlm=\skip51
\algorithmicindent=\skip52
)
("C:\Program Files (x86)\CTEX\MiKTeX\tex\latex\hyperref\hyperref.sty"
Package: hyperref 2012/02/06 v6.82o Hypertext links for LaTeX

("C:\Program Files (x86)\CTEX\MiKTeX\tex\generic\oberdiek\hobsub-hyperref.sty"
Package: hobsub-hyperref 2011/04/23 v1.4 Bundle oberdiek, subset hyperref (HO)

("C:\Program Files (x86)\CTEX\MiKTeX\tex\generic\oberdiek\hobsub-generic.sty"
Package: hobsub-generic 2011/04/23 v1.4 Bundle oberdiek, subset generic (HO)
Package: hobsub 2011/04/23 v1.4 Subsetting bundle oberdiek (HO)
Package hobsub Info: Skipping package `infwarerr' (already loaded).
Package hobsub Info: Skipping package `ltxcmds' (already loaded).
Package: ifluatex 2010/03/01 v1.3 Provides the ifluatex switch (HO)
Package ifluatex Info: LuaTeX not detected.
Package: ifvtex 2010/03/01 v1.5 Switches for detecting VTeX and its modes (HO)
Package ifvtex Info: VTeX not detected.
Package: intcalc 2007/09/27 v1.1 Expandable integer calculations (HO)
Package: ifpdf 2011/01/30 v2.3 Provides the ifpdf switch (HO)
Package ifpdf Info: pdfTeX in PDF mode is detected.
Package: etexcmds 2011/02/16 v1.5 Prefix for e-TeX command names (HO)
Package etexcmds Info: Could not find \expanded.
(etexcmds)             That can mean that you are not using pdfTeX 1.50 or
(etexcmds)             that some package has redefined \expanded.
(etexcmds)             In the latter case, load this package earlier.
Package: kvsetkeys 2011/04/07 v1.13 Key value parser (HO)
Package: kvdefinekeys 2011/04/07 v1.3 Defining keys (HO)
Package: pdftexcmds 2011/04/22 v0.16 Utilities of pdfTeX for LuaTeX (HO)
Package pdftexcmds Info: LuaTeX not detected.
Package pdftexcmds Info: \pdf@primitive is available.
Package pdftexcmds Info: \pdf@ifprimitive is available.
Package pdftexcmds Info: \pdfdraftmode found.
Package: pdfescape 2011/04/04 v1.12 Provides string conversions (HO)
Package: bigintcalc 2011/01/30 v1.2 Expandable big integer calculations (HO)
Package: bitset 2011/01/30 v1.1 Data type bit set (HO)
Package: uniquecounter 2011/01/30 v1.2 Provides unlimited unique counter (HO)
)
Package hobsub Info: Skipping package `hobsub' (already loaded).
Package: letltxmacro 2010/09/02 v1.4 Let assignment for LaTeX macros (HO)
Package: hopatch 2011/01/30 v1.0 Wrapper for package hooks (HO)
Package: xcolor-patch 2011/01/30 xcolor patch
Package: atveryend 2011/04/23 v1.7 Hooks at very end of document (HO)
Package: atbegshi 2011/01/30 v1.15 At begin shipout hook (HO)
Package: refcount 2010/12/01 v3.2 Data extraction from references (HO)
Package: hycolor 2011/01/30 v1.7 Color options of hyperref/bookmark (HO)
) ("C:\Program Files (x86)\CTEX\MiKTeX\tex\generic\ifxetex\ifxetex.sty"
Package: ifxetex 2010/09/12 v0.6 Provides ifxetex conditional
)
("C:\Program Files (x86)\CTEX\MiKTeX\tex\latex\oberdiek\kvoptions.sty"
Package: kvoptions 2010/12/23 v3.10 Keyval support for LaTeX options (HO)
)
\@linkdim=\dimen107
\Hy@linkcounter=\count99
\Hy@pagecounter=\count100

("C:\Program Files (x86)\CTEX\MiKTeX\tex\latex\hyperref\pd1enc.def"
File: pd1enc.def 2012/02/06 v6.82o Hyperref: PDFDocEncoding definition (HO)
)
\Hy@SavedSpaceFactor=\count101

("C:\Program Files (x86)\CTEX\MiKTeX\tex\latex\00miktex\hyperref.cfg"
File: hyperref.cfg 2002/06/06 v1.2 hyperref configuration of TeXLive
)
Package hyperref Info: Hyper figures OFF on input line 4046.
Package hyperref Info: Link nesting OFF on input line 4051.
Package hyperref Info: Hyper index ON on input line 4054.
Package hyperref Info: Plain pages OFF on input line 4061.
Package hyperref Info: Backreferencing OFF on input line 4066.
Package hyperref Info: Implicit mode ON; LaTeX internals redefined.
Package hyperref Info: Bookmarks ON on input line 4284.
\c@Hy@tempcnt=\count102

("C:\Program Files (x86)\CTEX\MiKTeX\tex\latex\ltxmisc\url.sty"
\Urlmuskip=\muskip10
Package: url 2006/04/12  ver 3.3  Verb mode for urls, etc.
)
LaTeX Info: Redefining \url on input line 4637.
\Fld@menulength=\count103
\Field@Width=\dimen108
\Fld@charsize=\dimen109
Package hyperref Info: Hyper figures OFF on input line 5757.
Package hyperref Info: Link nesting OFF on input line 5762.
Package hyperref Info: Hyper index ON on input line 5765.
Package hyperref Info: backreferencing OFF on input line 5772.
Package hyperref Info: Link coloring OFF on input line 5777.
Package hyperref Info: Link coloring with OCG OFF on input line 5782.
Package hyperref Info: PDF/A mode OFF on input line 5787.
LaTeX Info: Redefining \ref on input line 5827.
LaTeX Info: Redefining \pageref on input line 5831.
\Hy@abspage=\count104
\c@Item=\count105
\c@Hfootnote=\count106
)

Package hyperref Message: Driver (autodetected): hpdftex.

("C:\Program Files (x86)\CTEX\MiKTeX\tex\latex\hyperref\hpdftex.def"
File: hpdftex.def 2012/02/06 v6.82o Hyperref driver for pdfTeX
\Fld@listcount=\count107
\c@bookmark@seq@number=\count108

("C:\Program Files (x86)\CTEX\MiKTeX\tex\latex\oberdiek\rerunfilecheck.sty"
Package: rerunfilecheck 2011/04/15 v1.7 Rerun checks for auxiliary files (HO)
Package uniquecounter Info: New unique counter `rerunfilecheck' on input line 2
82.
)
\Hy@SectionHShift=\skip53
)
("C:\Program Files (x86)\CTEX\MiKTeX\tex\latex\preprint\fullpage.sty"
Package: fullpage 1999/02/23 1.1 (PWD)
\FP@margin=\skip54
)
("C:\Program Files (x86)\CTEX\MiKTeX\tex\latex\preprint\authblk.sty"
Package: authblk 2009/11/18 1.3 (PWD)
\affilsep=\skip55
\@affilsep=\skip56
\c@Maxaffil=\count109
\c@authors=\count110
\c@affil=\count111
)
(C:\Users\Double\Desktop\nonparametric_mixture\Definitions.sty
("C:\Program Files (x86)\CTEX\MiKTeX\tex\latex\base\latexsym.sty"
Package: latexsym 1998/08/17 v2.2e Standard LaTeX package (lasy symbols)
\symlasy=\mathgroup4
LaTeX Font Info:    Overwriting symbol font `lasy' in version `bold'
(Font)                  U/lasy/m/n --> U/lasy/b/n on input line 47.
)
("C:\Program Files (x86)\CTEX\MiKTeX\tex\latex\ams\math\amsmath.sty"
Package: amsmath 2000/07/18 v2.13 AMS math features
\@mathmargin=\skip57

For additional information on amsmath, use the `?' option.
("C:\Program Files (x86)\CTEX\MiKTeX\tex\latex\ams\math\amstext.sty"
Package: amstext 2000/06/29 v2.01

("C:\Program Files (x86)\CTEX\MiKTeX\tex\latex\ams\math\amsgen.sty"
File: amsgen.sty 1999/11/30 v2.0
\@emptytoks=\toks18
\ex@=\dimen110
))
("C:\Program Files (x86)\CTEX\MiKTeX\tex\latex\ams\math\amsbsy.sty"
Package: amsbsy 1999/11/29 v1.2d
\pmbraise@=\dimen111
)
("C:\Program Files (x86)\CTEX\MiKTeX\tex\latex\ams\math\amsopn.sty"
Package: amsopn 1999/12/14 v2.01 operator names
)
\inf@bad=\count112
LaTeX Info: Redefining \frac on input line 211.
\uproot@=\count113
\leftroot@=\count114
LaTeX Info: Redefining \overline on input line 307.
\classnum@=\count115
\DOTSCASE@=\count116
LaTeX Info: Redefining \ldots on input line 379.
LaTeX Info: Redefining \dots on input line 382.
LaTeX Info: Redefining \cdots on input line 467.
\Mathstrutbox@=\box28
\strutbox@=\box29
\big@size=\dimen112
LaTeX Font Info:    Redeclaring font encoding OML on input line 567.
LaTeX Font Info:    Redeclaring font encoding OMS on input line 568.
\macc@depth=\count117
\c@MaxMatrixCols=\count118
\dotsspace@=\muskip11
\c@parentequation=\count119
\dspbrk@lvl=\count120
\tag@help=\toks19
\row@=\count121
\column@=\count122
\maxfields@=\count123
\andhelp@=\toks20
\eqnshift@=\dimen113
\alignsep@=\dimen114
\tagshift@=\dimen115
\tagwidth@=\dimen116
\totwidth@=\dimen117
\lineht@=\dimen118
\@envbody=\toks21
\multlinegap=\skip58
\multlinetaggap=\skip59
\mathdisplay@stack=\toks22
LaTeX Info: Redefining \[ on input line 2666.
LaTeX Info: Redefining \] on input line 2667.
)
("C:\Program Files (x86)\CTEX\MiKTeX\tex\latex\amsfonts\amssymb.sty"
Package: amssymb 2009/06/22 v3.00

("C:\Program Files (x86)\CTEX\MiKTeX\tex\latex\amsfonts\amsfonts.sty"
Package: amsfonts 2009/06/22 v3.00 Basic AMSFonts support
\symAMSa=\mathgroup5
\symAMSb=\mathgroup6
LaTeX Font Info:    Overwriting math alphabet `\mathfrak' in version `bold'
(Font)                  U/euf/m/n --> U/euf/b/n on input line 96.
))
("C:\Program Files (x86)\CTEX\MiKTeX\tex\latex\tools\bm.sty"
Package: bm 2004/02/26 v1.1c Bold Symbol Support (DPC/FMi)
\symboldoperators=\mathgroup7
\symboldletters=\mathgroup8
\symboldsymbols=\mathgroup9
\symboldlasy=\mathgroup10
LaTeX Font Info:    Redeclaring math alphabet \mathbf on input line 138.
LaTeX Info: Redefining \bm on input line 204.
)
("C:\Program Files (x86)\CTEX\MiKTeX\tex\latex\jknappen\mathrsfs.sty"
Package: mathrsfs 1996/01/01 Math RSFS package v1.0 (jk)
\symrsfs=\mathgroup11
)
\c@theorem=\count124
\c@example=\count125
\c@property=\count126
)
(C:\Users\Double\Desktop\nonparametric_mixture\tensor-macros.tex)
("C:\Program Files (x86)\CTEX\MiKTeX\tex\latex\pgf\frontendlayer\tikz.sty"
("C:\Program Files (x86)\CTEX\MiKTeX\tex\latex\pgf\basiclayer\pgf.sty"
("C:\Program Files (x86)\CTEX\MiKTeX\tex\latex\pgf\utilities\pgfrcs.sty"
("C:\Program Files (x86)\CTEX\MiKTeX\tex\generic\pgf\utilities\pgfutil-common.t
ex"
\pgfutil@everybye=\toks23
)
("C:\Program Files (x86)\CTEX\MiKTeX\tex\generic\pgf\utilities\pgfutil-latex.de
f"
\pgfutil@abb=\box30
 ("C:\Program Files (x86)\CTEX\MiKTeX\tex\latex\ms\everyshi.sty"
Package: everyshi 2001/05/15 v3.00 EveryShipout Package (MS)
))
("C:\Program Files (x86)\CTEX\MiKTeX\tex\generic\pgf\utilities\pgfrcs.code.tex"
Package: pgfrcs 2010/10/25 v2.10 (rcs-revision 1.24)
))
Package: pgf 2008/01/15 v2.10 (rcs-revision 1.12)
 ("C:\Program Files (x86)\CTEX\MiKTeX\tex\latex\pgf\basiclayer\pgfcore.sty"
("C:\Program Files (x86)\CTEX\MiKTeX\tex\latex\pgf\systemlayer\pgfsys.sty"
("C:\Program Files (x86)\CTEX\MiKTeX\tex\generic\pgf\systemlayer\pgfsys.code.te
x"
Package: pgfsys 2010/06/30 v2.10 (rcs-revision 1.37)

("C:\Program Files (x86)\CTEX\MiKTeX\tex\generic\pgf\utilities\pgfkeys.code.tex
"
\pgfkeys@pathtoks=\toks24
\pgfkeys@temptoks=\toks25

("C:\Program Files (x86)\CTEX\MiKTeX\tex\generic\pgf\utilities\pgfkeysfiltered.
code.tex"
\pgfkeys@tmptoks=\toks26
))
\pgf@x=\dimen119
\pgf@y=\dimen120
\pgf@xa=\dimen121
\pgf@ya=\dimen122
\pgf@xb=\dimen123
\pgf@yb=\dimen124
\pgf@xc=\dimen125
\pgf@yc=\dimen126
\w@pgf@writea=\write3
\r@pgf@reada=\read1
\c@pgf@counta=\count127
\c@pgf@countb=\count128
\c@pgf@countc=\count129
\c@pgf@countd=\count130

("C:\Program Files (x86)\CTEX\MiKTeX\tex\generic\pgf\systemlayer\pgf.cfg"
File: pgf.cfg 2008/05/14  (rcs-revision 1.7)
)
Package pgfsys Info: Driver file for pgf: pgfsys-pdftex.def on input line 900.

("C:\Program Files (x86)\CTEX\MiKTeX\tex\generic\pgf\systemlayer\pgfsys-pdftex.
def"
File: pgfsys-pdftex.def 2009/05/22  (rcs-revision 1.26)

("C:\Program Files (x86)\CTEX\MiKTeX\tex\generic\pgf\systemlayer\pgfsys-common-
pdf.def"
File: pgfsys-common-pdf.def 2008/05/19  (rcs-revision 1.10)
)))
("C:\Program Files (x86)\CTEX\MiKTeX\tex\generic\pgf\systemlayer\pgfsyssoftpath
.code.tex"
File: pgfsyssoftpath.code.tex 2008/07/18  (rcs-revision 1.7)
\pgfsyssoftpath@smallbuffer@items=\count131
\pgfsyssoftpath@bigbuffer@items=\count132
)
("C:\Program Files (x86)\CTEX\MiKTeX\tex\generic\pgf\systemlayer\pgfsysprotocol
.code.tex"
File: pgfsysprotocol.code.tex 2006/10/16  (rcs-revision 1.4)
)) ("C:\Program Files (x86)\CTEX\MiKTeX\tex\latex\xcolor\xcolor.sty"
Package: xcolor 2007/01/21 v2.11 LaTeX color extensions (UK)

("C:\Program Files (x86)\CTEX\MiKTeX\tex\latex\00miktex\color.cfg"
File: color.cfg 2007/01/18 v1.5 color configuration of teTeX/TeXLive
)
Package xcolor Info: Driver file: pdftex.def on input line 225.
Package xcolor Info: Model `cmy' substituted by `cmy0' on input line 1337.
Package xcolor Info: Model `hsb' substituted by `rgb' on input line 1341.
Package xcolor Info: Model `RGB' extended on input line 1353.
Package xcolor Info: Model `HTML' substituted by `rgb' on input line 1355.
Package xcolor Info: Model `Hsb' substituted by `hsb' on input line 1356.
Package xcolor Info: Model `tHsb' substituted by `hsb' on input line 1357.
Package xcolor Info: Model `HSB' substituted by `hsb' on input line 1358.
Package xcolor Info: Model `Gray' substituted by `gray' on input line 1359.
Package xcolor Info: Model `wave' substituted by `hsb' on input line 1360.
)
("C:\Program Files (x86)\CTEX\MiKTeX\tex\generic\pgf\basiclayer\pgfcore.code.te
x"
Package: pgfcore 2010/04/11 v2.10 (rcs-revision 1.7)
 ("C:\Program Files (x86)\CTEX\MiKTeX\tex\generic\pgf\math\pgfmath.code.tex"
("C:\Program Files (x86)\CTEX\MiKTeX\tex\generic\pgf\math\pgfmathcalc.code.tex"
("C:\Program Files (x86)\CTEX\MiKTeX\tex\generic\pgf\math\pgfmathutil.code.tex"
)
("C:\Program Files (x86)\CTEX\MiKTeX\tex\generic\pgf\math\pgfmathparser.code.te
x"
\pgfmath@dimen=\dimen127
\pgfmath@count=\count133
\pgfmath@box=\box31
\pgfmath@toks=\toks27
\pgfmath@stack@operand=\toks28
\pgfmath@stack@operation=\toks29
)
("C:\Program Files (x86)\CTEX\MiKTeX\tex\generic\pgf\math\pgfmathfunctions.code
.tex"
("C:\Program Files (x86)\CTEX\MiKTeX\tex\generic\pgf\math\pgfmathfunctions.basi
c.code.tex")
("C:\Program Files (x86)\CTEX\MiKTeX\tex\generic\pgf\math\pgfmathfunctions.trig
onometric.code.tex")
("C:\Program Files (x86)\CTEX\MiKTeX\tex\generic\pgf\math\pgfmathfunctions.rand
om.code.tex")
("C:\Program Files (x86)\CTEX\MiKTeX\tex\generic\pgf\math\pgfmathfunctions.comp
arison.code.tex")
("C:\Program Files (x86)\CTEX\MiKTeX\tex\generic\pgf\math\pgfmathfunctions.base
.code.tex")
("C:\Program Files (x86)\CTEX\MiKTeX\tex\generic\pgf\math\pgfmathfunctions.roun
d.code.tex")
("C:\Program Files (x86)\CTEX\MiKTeX\tex\generic\pgf\math\pgfmathfunctions.misc
.code.tex")))
("C:\Program Files (x86)\CTEX\MiKTeX\tex\generic\pgf\math\pgfmathfloat.code.tex
"
\c@pgfmathroundto@lastzeros=\count134
))
("C:\Program Files (x86)\CTEX\MiKTeX\tex\generic\pgf\basiclayer\pgfcorepoints.c
ode.tex"
File: pgfcorepoints.code.tex 2010/04/09  (rcs-revision 1.20)
\pgf@picminx=\dimen128
\pgf@picmaxx=\dimen129
\pgf@picminy=\dimen130
\pgf@picmaxy=\dimen131
\pgf@pathminx=\dimen132
\pgf@pathmaxx=\dimen133
\pgf@pathminy=\dimen134
\pgf@pathmaxy=\dimen135
\pgf@xx=\dimen136
\pgf@xy=\dimen137
\pgf@yx=\dimen138
\pgf@yy=\dimen139
\pgf@zx=\dimen140
\pgf@zy=\dimen141
)
("C:\Program Files (x86)\CTEX\MiKTeX\tex\generic\pgf\basiclayer\pgfcorepathcons
truct.code.tex"
File: pgfcorepathconstruct.code.tex 2010/08/03  (rcs-revision 1.24)
\pgf@path@lastx=\dimen142
\pgf@path@lasty=\dimen143
)
("C:\Program Files (x86)\CTEX\MiKTeX\tex\generic\pgf\basiclayer\pgfcorepathusag
e.code.tex"
File: pgfcorepathusage.code.tex 2008/04/22  (rcs-revision 1.12)
\pgf@shorten@end@additional=\dimen144
\pgf@shorten@start@additional=\dimen145
)
("C:\Program Files (x86)\CTEX\MiKTeX\tex\generic\pgf\basiclayer\pgfcorescopes.c
ode.tex"
File: pgfcorescopes.code.tex 2010/09/08  (rcs-revision 1.34)
\pgfpic=\box32
\pgf@hbox=\box33
\pgf@layerbox@main=\box34
\pgf@picture@serial@count=\count135
)
("C:\Program Files (x86)\CTEX\MiKTeX\tex\generic\pgf\basiclayer\pgfcoregraphics
tate.code.tex"
File: pgfcoregraphicstate.code.tex 2008/04/22  (rcs-revision 1.9)
\pgflinewidth=\dimen146
)
("C:\Program Files (x86)\CTEX\MiKTeX\tex\generic\pgf\basiclayer\pgfcoretransfor
mations.code.tex"
File: pgfcoretransformations.code.tex 2009/06/10  (rcs-revision 1.11)
\pgf@pt@x=\dimen147
\pgf@pt@y=\dimen148
\pgf@pt@temp=\dimen149
)
("C:\Program Files (x86)\CTEX\MiKTeX\tex\generic\pgf\basiclayer\pgfcorequick.co
de.tex"
File: pgfcorequick.code.tex 2008/10/09  (rcs-revision 1.3)
)
("C:\Program Files (x86)\CTEX\MiKTeX\tex\generic\pgf\basiclayer\pgfcoreobjects.
code.tex"
File: pgfcoreobjects.code.tex 2006/10/11  (rcs-revision 1.2)
)
("C:\Program Files (x86)\CTEX\MiKTeX\tex\generic\pgf\basiclayer\pgfcorepathproc
essing.code.tex"
File: pgfcorepathprocessing.code.tex 2008/10/09  (rcs-revision 1.8)
)
("C:\Program Files (x86)\CTEX\MiKTeX\tex\generic\pgf\basiclayer\pgfcorearrows.c
ode.tex"
File: pgfcorearrows.code.tex 2008/04/23  (rcs-revision 1.11)
)
("C:\Program Files (x86)\CTEX\MiKTeX\tex\generic\pgf\basiclayer\pgfcoreshade.co
de.tex"
File: pgfcoreshade.code.tex 2008/11/23  (rcs-revision 1.13)
\pgf@max=\dimen150
\pgf@sys@shading@range@num=\count136
)
("C:\Program Files (x86)\CTEX\MiKTeX\tex\generic\pgf\basiclayer\pgfcoreimage.co
de.tex"
File: pgfcoreimage.code.tex 2010/03/25  (rcs-revision 1.16)

("C:\Program Files (x86)\CTEX\MiKTeX\tex\generic\pgf\basiclayer\pgfcoreexternal
.code.tex"
File: pgfcoreexternal.code.tex 2010/09/01  (rcs-revision 1.17)
\pgfexternal@startupbox=\box35
))
("C:\Program Files (x86)\CTEX\MiKTeX\tex\generic\pgf\basiclayer\pgfcorelayers.c
ode.tex"
File: pgfcorelayers.code.tex 2010/08/27  (rcs-revision 1.2)
)
("C:\Program Files (x86)\CTEX\MiKTeX\tex\generic\pgf\basiclayer\pgfcoretranspar
ency.code.tex"
File: pgfcoretransparency.code.tex 2008/01/17  (rcs-revision 1.2)
)
("C:\Program Files (x86)\CTEX\MiKTeX\tex\generic\pgf\basiclayer\pgfcorepatterns
.code.tex"
File: pgfcorepatterns.code.tex 2009/07/02  (rcs-revision 1.3)
)))
("C:\Program Files (x86)\CTEX\MiKTeX\tex\generic\pgf\modules\pgfmoduleshapes.co
de.tex"
File: pgfmoduleshapes.code.tex 2010/09/09  (rcs-revision 1.13)
\pgfnodeparttextbox=\box36
)
("C:\Program Files (x86)\CTEX\MiKTeX\tex\generic\pgf\modules\pgfmoduleplot.code
.tex"
File: pgfmoduleplot.code.tex 2010/10/22  (rcs-revision 1.8)
)
("C:\Program Files (x86)\CTEX\MiKTeX\tex\latex\pgf\compatibility\pgfcomp-versio
n-0-65.sty"
Package: pgfcomp-version-0-65 2007/07/03 v2.10 (rcs-revision 1.7)
\pgf@nodesepstart=\dimen151
\pgf@nodesepend=\dimen152
)
("C:\Program Files (x86)\CTEX\MiKTeX\tex\latex\pgf\compatibility\pgfcomp-versio
n-1-18.sty"
Package: pgfcomp-version-1-18 2007/07/23 v2.10 (rcs-revision 1.1)
))
("C:\Program Files (x86)\CTEX\MiKTeX\tex\latex\pgf\utilities\pgffor.sty"
("C:\Program Files (x86)\CTEX\MiKTeX\tex\latex\pgf\utilities\pgfkeys.sty"
("C:\Program Files (x86)\CTEX\MiKTeX\tex\generic\pgf\utilities\pgfkeys.code.tex
"))
("C:\Program Files (x86)\CTEX\MiKTeX\tex\generic\pgf\utilities\pgffor.code.tex"
Package: pgffor 2010/03/23 v2.10 (rcs-revision 1.18)
\pgffor@iter=\dimen153
\pgffor@skip=\dimen154
\pgffor@stack=\toks30
\pgffor@toks=\toks31
))
("C:\Program Files (x86)\CTEX\MiKTeX\tex\generic\pgf\frontendlayer\tikz\tikz.co
de.tex"
Package: tikz 2010/10/13 v2.10 (rcs-revision 1.76)

("C:\Program Files (x86)\CTEX\MiKTeX\tex\generic\pgf\libraries\pgflibraryplotha
ndlers.code.tex"
File: pgflibraryplothandlers.code.tex 2010/05/31 v2.10 (rcs-revision 1.15)
\pgf@plot@mark@count=\count137
\pgfplotmarksize=\dimen155
)
\tikz@lastx=\dimen156
\tikz@lasty=\dimen157
\tikz@lastxsaved=\dimen158
\tikz@lastysaved=\dimen159
\tikzleveldistance=\dimen160
\tikzsiblingdistance=\dimen161
\tikz@figbox=\box37
\tikz@tempbox=\box38
\tikztreelevel=\count138
\tikznumberofchildren=\count139
\tikznumberofcurrentchild=\count140
\tikz@fig@count=\count141

("C:\Program Files (x86)\CTEX\MiKTeX\tex\generic\pgf\modules\pgfmodulematrix.co
de.tex"
File: pgfmodulematrix.code.tex 2010/08/24  (rcs-revision 1.4)
\pgfmatrixcurrentrow=\count142
\pgfmatrixcurrentcolumn=\count143
\pgf@matrix@numberofcolumns=\count144
)
\tikz@expandcount=\count145

("C:\Program Files (x86)\CTEX\MiKTeX\tex\generic\pgf\frontendlayer\tikz\librari
es\tikzlibrarytopaths.code.tex"
File: tikzlibrarytopaths.code.tex 2008/06/17 v2.10 (rcs-revision 1.2)
)))
("C:\Program Files (x86)\CTEX\MiKTeX\tex\generic\pgf\frontendlayer\tikz\librari
es\tikzlibrarycalc.code.tex"
File: tikzlibrarycalc.code.tex 2009/09/04 v2.10 (rcs-revision 1.6)
)
("C:\Program Files (x86)\CTEX\MiKTeX\tex\latex\base\exscale.sty"
Package: exscale 2007/10/29 v2.1h Standard LaTeX package exscale
LaTeX Font Info:    Redeclaring symbol font `largesymbols' on input line 52.
LaTeX Font Info:    Overwriting symbol font `largesymbols' in version `normal'
(Font)                  OMX/cmex/m/n --> OMX/cmex/m/n on input line 52.
LaTeX Font Info:    Overwriting symbol font `largesymbols' in version `bold'
(Font)                  OMX/cmex/m/n --> OMX/cmex/m/n on input line 52.
\big@size=\dimen162
)
("C:\Program Files (x86)\CTEX\MiKTeX\tex\latex\ltxmisc\relsize.sty"
Package: relsize 2003/07/04 ver 3.1
)
("C:\Program Files (x86)\CTEX\MiKTeX\tex\latex\enumitem\enumitem.sty"
Package: enumitem 2011/09/28 v3.5.2 Customized lists
\labelindent=\skip60
\enit@outerparindent=\dimen163
\enit@toks=\toks32
\enit@inbox=\box39
\enitdp@description=\count146
)
(C:\Users\Double\Desktop\nonparametric_mixture\arXiv\nonparametric_mixture.aux

LaTeX Warning: Label `eqn:deltapairs' multiply defined.

)
LaTeX Font Info:    Checking defaults for OML/cmm/m/it on input line 74.
LaTeX Font Info:    ... okay on input line 74.
LaTeX Font Info:    Checking defaults for T1/cmr/m/n on input line 74.
LaTeX Font Info:    ... okay on input line 74.
LaTeX Font Info:    Checking defaults for OT1/cmr/m/n on input line 74.
LaTeX Font Info:    ... okay on input line 74.
LaTeX Font Info:    Checking defaults for OMS/cmsy/m/n on input line 74.
LaTeX Font Info:    ... okay on input line 74.
LaTeX Font Info:    Checking defaults for OMX/cmex/m/n on input line 74.
LaTeX Font Info:    ... okay on input line 74.
LaTeX Font Info:    Checking defaults for U/cmr/m/n on input line 74.
LaTeX Font Info:    ... okay on input line 74.
LaTeX Font Info:    Checking defaults for PD1/pdf/m/n on input line 74.
LaTeX Font Info:    ... okay on input line 74.
 ("C:\Program Files (x86)\CTEX\MiKTeX\tex\context\base\supp-pdf.mkii"
[Loading MPS to PDF converter (version 2006.09.02).]
\scratchcounter=\count147
\scratchdimen=\dimen164
\scratchbox=\box40
\nofMPsegments=\count148
\nofMParguments=\count149
\everyMPshowfont=\toks33
\MPscratchCnt=\count150
\MPscratchDim=\dimen165
\MPnumerator=\count151
\makeMPintoPDFobject=\count152
\everyMPtoPDFconversion=\toks34
)
\AtBeginShipoutBox=\box41
Package hyperref Info: Link coloring OFF on input line 74.
 ("C:\Program Files (x86)\CTEX\MiKTeX\tex\latex\hyperref\nameref.sty"
Package: nameref 2010/04/30 v2.40 Cross-referencing by name of section

("C:\Program Files (x86)\CTEX\MiKTeX\tex\generic\oberdiek\gettitlestring.sty"
Package: gettitlestring 2010/12/03 v1.4 Cleanup title references (HO)
)
\c@section@level=\count153
)
LaTeX Info: Redefining \ref on input line 74.
LaTeX Info: Redefining \pageref on input line 74.
LaTeX Info: Redefining \nameref on input line 74.
(C:\Users\Double\Desktop\nonparametric_mixture\arXiv\nonparametric_mixture.out)
(C:\Users\Double\Desktop\nonparametric_mixture\arXiv\nonparametric_mixture.out)
\@outlinefile=\write4
ABD: EveryShipout initializing macros
LaTeX Font Info:    External font `cmex7' loaded for size
(Font)              <6> on input line 75.
LaTeX Font Info:    Try loading font information for U+lasy on input line 75.

("C:\Program Files (x86)\CTEX\MiKTeX\tex\latex\base\ulasy.fd"
File: ulasy.fd 1998/08/17 v2.2e LaTeX symbol font definitions
)
LaTeX Font Info:    Try loading font information for U+msa on input line 75.

("C:\Program Files (x86)\CTEX\MiKTeX\tex\latex\amsfonts\umsa.fd"
File: umsa.fd 2009/06/22 v3.00 AMS symbols A
)
LaTeX Font Info:    Try loading font information for U+msb on input line 75.

("C:\Program Files (x86)\CTEX\MiKTeX\tex\latex\amsfonts\umsb.fd"
File: umsb.fd 2009/06/22 v3.00 AMS symbols B
)
LaTeX Font Info:    Font shape `U/lasy/b/n' in size <8> not available
(Font)              Font shape `U/lasy/m/n' tried instead on input line 75.
LaTeX Font Info:    Font shape `U/lasy/b/n' in size <6> not available
(Font)              Font shape `U/lasy/m/n' tried instead on input line 75.
LaTeX Font Info:    Try loading font information for U+rsfs on input line 75.

("C:\Program Files (x86)\CTEX\MiKTeX\tex\latex\jknappen\ursfs.fd"
File: ursfs.fd 1998/03/24 rsfs font definition file (jk)
)
LaTeX Font Info:    External font `cmex7' loaded for size
(Font)              <5> on input line 75.
LaTeX Font Info:    Font shape `U/lasy/b/n' in size <5> not available
(Font)              Font shape `U/lasy/m/n' tried instead on input line 75.
 [1

{C:/Program Files (x86)/CTEX/UserData/pdftex/config/pdftex.map}]
LaTeX Font Info:    External font `cmex7' loaded for size
(Font)              <7> on input line 129.
LaTeX Font Info:    Font shape `U/lasy/b/n' in size <7> not available
(Font)              Font shape `U/lasy/m/n' tried instead on input line 129.
 [2] [3]
LaTeX Font Info:    Try loading font information for OMS+cmr on input line 245.


("C:\Program Files (x86)\CTEX\MiKTeX\tex\latex\base\omscmr.fd"
File: omscmr.fd 1999/05/25 v2.5h Standard LaTeX font definitions
)
LaTeX Font Info:    Font shape `OMS/cmr/m/n' in size <10> not available
(Font)              Font shape `OMS/cmsy/m/n' tried instead on input line 245.
 [4] [5]
[6] [7]
Package hyperref Info: bookmark level for unknown algorithm defaults to 0 on in
put line 492.

Underfull \hbox (badness 10000) in paragraph at lines 494--495

 []

[8] [9] [10]
<../experiment/figure/sp_diff_gauss_k_2_view_1-crop.pdf, id=331, 433.62pt x 361
.35pt>
File: ../experiment/figure/sp_diff_gauss_k_2_view_1-crop.pdf Graphic file (type
 pdf)
 <use ../experiment/figure/sp_diff_gauss_k_2_view_1-crop.pdf>
Package pdftex.def Info: ../experiment/figure/sp_diff_gauss_k_2_view_1-crop.pdf
 used on input line 708.
(pdftex.def)             Requested size: 122.13371pt x 101.7783pt.

<../experiment/figure/sp_diff_gauss_k_3_view_1-crop.pdf, id=332, 433.62pt x 361
.35pt>
File: ../experiment/figure/sp_diff_gauss_k_3_view_1-crop.pdf Graphic file (type
 pdf)
 <use ../experiment/figure/sp_diff_gauss_k_3_view_1-crop.pdf>
Package pdftex.def Info: ../experiment/figure/sp_diff_gauss_k_3_view_1-crop.pdf
 used on input line 709.
(pdftex.def)             Requested size: 122.13371pt x 101.7783pt.

<../experiment/figure/sp_diff_gauss_k_4_view_1-crop.pdf, id=333, 433.62pt x 361
.35pt>
File: ../experiment/figure/sp_diff_gauss_k_4_view_1-crop.pdf Graphic file (type
 pdf)
 <use ../experiment/figure/sp_diff_gauss_k_4_view_1-crop.pdf>
Package pdftex.def Info: ../experiment/figure/sp_diff_gauss_k_4_view_1-crop.pdf
 used on input line 710.
(pdftex.def)             Requested size: 122.13371pt x 101.7783pt.

<../experiment/figure/sp_diff_gauss_k_8_view_1-crop.pdf, id=334, 433.62pt x 361
.35pt>
File: ../experiment/figure/sp_diff_gauss_k_8_view_1-crop.pdf Graphic file (type
 pdf)
 <use ../experiment/figure/sp_diff_gauss_k_8_view_1-crop.pdf>
Package pdftex.def Info: ../experiment/figure/sp_diff_gauss_k_8_view_1-crop.pdf
 used on input line 711.
(pdftex.def)             Requested size: 122.13371pt x 101.7783pt.

<../experiment/figure/sp_diff_heter_k_2_view_3-crop.pdf, id=335, 433.62pt x 361
.35pt>
File: ../experiment/figure/sp_diff_heter_k_2_view_3-crop.pdf Graphic file (type
 pdf)
 <use ../experiment/figure/sp_diff_heter_k_2_view_3-crop.pdf>
Package pdftex.def Info: ../experiment/figure/sp_diff_heter_k_2_view_3-crop.pdf
 used on input line 713.
(pdftex.def)             Requested size: 122.13371pt x 101.7783pt.

<../experiment/figure/sp_diff_heter_k_3_view_3-crop.pdf, id=336, 433.62pt x 361
.35pt>
File: ../experiment/figure/sp_diff_heter_k_3_view_3-crop.pdf Graphic file (type
 pdf)
 <use ../experiment/figure/sp_diff_heter_k_3_view_3-crop.pdf>
Package pdftex.def Info: ../experiment/figure/sp_diff_heter_k_3_view_3-crop.pdf
 used on input line 714.
(pdftex.def)             Requested size: 122.13371pt x 101.7783pt.

<../experiment/figure/sp_diff_heter_k_4_view_1-crop.pdf, id=337, 433.62pt x 361
.35pt>
File: ../experiment/figure/sp_diff_heter_k_4_view_1-crop.pdf Graphic file (type
 pdf)
 <use ../experiment/figure/sp_diff_heter_k_4_view_1-crop.pdf>
Package pdftex.def Info: ../experiment/figure/sp_diff_heter_k_4_view_1-crop.pdf
 used on input line 715.
(pdftex.def)             Requested size: 122.13371pt x 101.7783pt.

<../experiment/figure/sp_diff_heter_k_8_view_2-crop.pdf, id=338, 433.62pt x 361
.35pt>
File: ../experiment/figure/sp_diff_heter_k_8_view_2-crop.pdf Graphic file (type
 pdf)
 <use ../experiment/figure/sp_diff_heter_k_8_view_2-crop.pdf>
Package pdftex.def Info: ../experiment/figure/sp_diff_heter_k_8_view_2-crop.pdf
 used on input line 716.
(pdftex.def)             Requested size: 122.13371pt x 101.7783pt.

Overfull \hbox (12.47072pt too wide) in paragraph at lines 705--720
[]   []
 []

[11 <C:/Users/Double/Desktop/nonparametric_mixture/experiment/figure/sp_diff_ga
uss_k_2_view_1-crop.pdf> <C:/Users/Double/Desktop/nonparametric_mixture/experim
ent/figure/sp_diff_gauss_k_3_view_1-crop.pdf> <C:/Users/Double/Desktop/nonparam
etric_mixture/experiment/figure/sp_diff_gauss_k_4_view_1-crop.pdf> <C:/Users/Do
uble/Desktop/nonparametric_mixture/experiment/figure/sp_diff_gauss_k_8_view_1-c
rop.pdf> <C:/Users/Double/Desktop/nonparametric_mixture/experiment/figure/sp_di
ff_heter_k_2_view_3-crop.pdf> <C:/Users/Double/Desktop/nonparametric_mixture/ex
periment/figure/sp_diff_heter_k_3_view_3-crop.pdf> <C:/Users/Double/Desktop/non
parametric_mixture/experiment/figure/sp_diff_heter_k_4_view_1-crop.pdf> <C:/Use
rs/Double/Desktop/nonparametric_mixture/experiment/figure/sp_diff_heter_k_8_vie
w_2-crop.pdf>]
<../experiment/visualization/em_visual_k_2_view_1-crop.pdf, id=373, 375.4025pt 
x 291.0875pt>
File: ../experiment/visualization/em_visual_k_2_view_1-crop.pdf Graphic file (t
ype pdf)
 <use ../experiment/visualization/em_visual_k_2_view_1-crop.pdf>
Package pdftex.def Info: ../experiment/visualization/em_visual_k_2_view_1-crop.
pdf used on input line 749.
(pdftex.def)             Requested size: 223.13649pt x 173.02376pt.

<../experiment/visualization/visual_k_2_view_1-crop-crop.pdf, id=374, 375.4025p
t x 291.0875pt>
File: ../experiment/visualization/visual_k_2_view_1-crop-crop.pdf Graphic file 
(type pdf)

<use ../experiment/visualization/visual_k_2_view_1-crop-crop.pdf>
Package pdftex.def Info: ../experiment/visualization/visual_k_2_view_1-crop-cro
p.pdf used on input line 753.
(pdftex.def)             Requested size: 223.13649pt x 173.02376pt.

(C:\Users\Double\Desktop\nonparametric_mixture\arXiv\single_cond_exp.tex
<../experiment/figure/sp_sym_gauss_k_2.pdf, id=376, 433.62pt x 361.35pt>
File: ../experiment/figure/sp_sym_gauss_k_2.pdf Graphic file (type pdf)

<use ../experiment/figure/sp_sym_gauss_k_2.pdf>
Package pdftex.def Info: ../experiment/figure/sp_sym_gauss_k_2.pdf used on inpu
t line 16.
(pdftex.def)             Requested size: 122.13371pt x 101.7783pt.

<../experiment/figure/sp_sym_gauss_k_3.pdf, id=377, 433.62pt x 361.35pt>
File: ../experiment/figure/sp_sym_gauss_k_3.pdf Graphic file (type pdf)

<use ../experiment/figure/sp_sym_gauss_k_3.pdf>
Package pdftex.def Info: ../experiment/figure/sp_sym_gauss_k_3.pdf used on inpu
t line 17.
(pdftex.def)             Requested size: 122.13371pt x 101.7783pt.

<../experiment/figure/sp_sym_gauss_k_4.pdf, id=378, 433.62pt x 361.35pt>
File: ../experiment/figure/sp_sym_gauss_k_4.pdf Graphic file (type pdf)

<use ../experiment/figure/sp_sym_gauss_k_4.pdf>
Package pdftex.def Info: ../experiment/figure/sp_sym_gauss_k_4.pdf used on inpu
t line 18.
(pdftex.def)             Requested size: 122.13371pt x 101.7783pt.

<../experiment/figure/sp_sym_gauss_k_8.pdf, id=379, 433.62pt x 361.35pt>
File: ../experiment/figure/sp_sym_gauss_k_8.pdf Graphic file (type pdf)

<use ../experiment/figure/sp_sym_gauss_k_8.pdf>
Package pdftex.def Info: ../experiment/figure/sp_sym_gauss_k_8.pdf used on inpu
t line 19.
(pdftex.def)             Requested size: 122.13371pt x 101.7783pt.

<../experiment/figure/sp_sym_heter_k_2.pdf, id=380, 433.62pt x 361.35pt>
File: ../experiment/figure/sp_sym_heter_k_2.pdf Graphic file (type pdf)

<use ../experiment/figure/sp_sym_heter_k_2.pdf>
Package pdftex.def Info: ../experiment/figure/sp_sym_heter_k_2.pdf used on inpu
t line 21.
(pdftex.def)             Requested size: 122.13371pt x 101.7783pt.

<../experiment/figure/sp_sym_heter_k_3.pdf, id=381, 433.62pt x 361.35pt>
File: ../experiment/figure/sp_sym_heter_k_3.pdf Graphic file (type pdf)

<use ../experiment/figure/sp_sym_heter_k_3.pdf>
Package pdftex.def Info: ../experiment/figure/sp_sym_heter_k_3.pdf used on inpu
t line 22.
(pdftex.def)             Requested size: 122.13371pt x 101.7783pt.

<../experiment/figure/sp_sym_heter_k_4.pdf, id=382, 433.62pt x 361.35pt>
File: ../experiment/figure/sp_sym_heter_k_4.pdf Graphic file (type pdf)

<use ../experiment/figure/sp_sym_heter_k_4.pdf>
Package pdftex.def Info: ../experiment/figure/sp_sym_heter_k_4.pdf used on inpu
t line 23.
(pdftex.def)             Requested size: 122.13371pt x 101.7783pt.

<../experiment/figure/sp_sym_heter_k_8.pdf, id=383, 433.62pt x 361.35pt>
File: ../experiment/figure/sp_sym_heter_k_8.pdf Graphic file (type pdf)

<use ../experiment/figure/sp_sym_heter_k_8.pdf>
Package pdftex.def Info: ../experiment/figure/sp_sym_heter_k_8.pdf used on inpu
t line 24.
(pdftex.def)             Requested size: 122.13371pt x 101.7783pt.

Overfull \hbox (27.9432pt too wide) in paragraph at lines 15--27
[][] 
 []

) [12 <C:/Users/Double/Desktop/nonparametric_mixture/experiment/visualization/e
m_visual_k_2_view_1-crop.pdf> <C:/Users/Double/Desktop/nonparametric_mixture/ex
periment/visualization/visual_k_2_view_1-crop-crop.pdf>]
<../experiment/figure/paired_bar_chat_k_2.pdf, id=409, 1442.38875pt x 219.82124
pt>
File: ../experiment/figure/paired_bar_chat_k_2.pdf Graphic file (type pdf)
 <use ../experiment/figure/paired_bar_chat_k_2.pdf>
Package pdftex.def Info: ../experiment/figure/paired_bar_chat_k_2.pdf used on i
nput line 776.
(pdftex.def)             Requested size: 385.20255pt x 58.70515pt.

<../experiment/figure/paired_bar_chat_k_3.pdf, id=410, 1442.38875pt x 219.82124
pt>
File: ../experiment/figure/paired_bar_chat_k_3.pdf Graphic file (type pdf)
 <use ../experiment/figure/paired_bar_chat_k_3.pdf>
Package pdftex.def Info: ../experiment/figure/paired_bar_chat_k_3.pdf used on i
nput line 778.
(pdftex.def)             Requested size: 460.35791pt x 70.15639pt.

Overfull \hbox (2.60289pt too wide) in paragraph at lines 775--782
 [][] 
 []

(C:\Users\Double\Desktop\nonparametric_mixture\arXiv\nonparametric_mixture.bbl
[13 <C:/Users/Double/Desktop/nonparametric_mixture/experiment/figure/sp_sym_gau
ss_k_2.pdf> <C:/Users/Double/Desktop/nonparametric_mixture/experiment/figure/sp
_sym_gauss_k_3.pdf> <C:/Users/Double/Desktop/nonparametric_mixture/experiment/f
igure/sp_sym_gauss_k_4.pdf> <C:/Users/Double/Desktop/nonparametric_mixture/expe
riment/figure/sp_sym_gauss_k_8.pdf> <C:/Users/Double/Desktop/nonparametric_mixt
ure/experiment/figure/sp_sym_heter_k_2.pdf> <C:/Users/Double/Desktop/nonparamet
ric_mixture/experiment/figure/sp_sym_heter_k_3.pdf> <C:/Users/Double/Desktop/no
nparametric_mixture/experiment/figure/sp_sym_heter_k_4.pdf> <C:/Users/Double/De
sktop/nonparametric_mixture/experiment/figure/sp_sym_heter_k_8.pdf>] [14 <C:/Us
ers/Double/Desktop/nonparametric_mixture/experiment/figure/paired_bar_chat_k_2.
pdf> <C:/Users/Double/Desktop/nonparametric_mixture/experiment/figure/paired_ba
r_chat_k_3.pdf>]) [15]
(C:\Users\Double\Desktop\nonparametric_mixture\arXiv\concentration-bounds.tex
[16


] [17]
Underfull \hbox (badness 10000) in paragraph at lines 192--194

 []

[18]
Underfull \hbox (badness 10000) in paragraph at lines 238--241

 []

[19])
Package atveryend Info: Empty hook `BeforeClearDocument' on input line 805.
 [20]
Package atveryend Info: Empty hook `AfterLastShipout' on input line 805.

(C:\Users\Double\Desktop\nonparametric_mixture\arXiv\nonparametric_mixture.aux)
Package atveryend Info: Executing hook `AtVeryEndDocument' on input line 805.
Package atveryend Info: Executing hook `AtEndAfterFileList' on input line 805.
Package rerunfilecheck Info: File `nonparametric_mixture.out' has not changed.
(rerunfilecheck)             Checksum: A4C2039419011B5493F7956C8B11DD37;1905.

LaTeX Warning: There were multiply-defined labels.

 ) 
Here is how much of TeX's memory you used:
 16511 strings out of 495354
 282962 string characters out of 3182739
 362149 words of memory out of 3000000
 19169 multiletter control sequences out of 15000+200000
 18750 words of font info for 76 fonts, out of 3000000 for 9000
 14 hyphenation exceptions out of 8191
 56i,16n,64p,1104b,816s stack positions out of 5000i,500n,10000p,200000b,50000s
<C:/Program Files (x86)/CTEX/MiKTeX/fonts/type1/public/amsfonts/cm/cmbx10.pfb
><C:/Program Files (x86)/CTEX/MiKTeX/fonts/type1/public/amsfonts/cm/cmbx12.pfb>
<C:/Program Files (x86)/CTEX/MiKTeX/fonts/type1/public/amsfonts/cm/cmbx9.pfb><C
:/Program Files (x86)/CTEX/MiKTeX/fonts/type1/public/amsfonts/cm/cmex10.pfb><C:
/Program Files (x86)/CTEX/MiKTeX/fonts/type1/public/amsfonts/cm/cmmi10.pfb><C:/
Program Files (x86)/CTEX/MiKTeX/fonts/type1/public/amsfonts/cm/cmmi5.pfb><C:/Pr
ogram Files (x86)/CTEX/MiKTeX/fonts/type1/public/amsfonts/cm/cmmi7.pfb><C:/Prog
ram Files (x86)/CTEX/MiKTeX/fonts/type1/public/amsfonts/cm/cmmib10.pfb><C:/Prog
ram Files (x86)/CTEX/MiKTeX/fonts/type1/public/amsfonts/cm/cmr10.pfb><C:/Progra
m Files (x86)/CTEX/MiKTeX/fonts/type1/public/amsfonts/cm/cmr12.pfb><C:/Program 
Files (x86)/CTEX/MiKTeX/fonts/type1/public/amsfonts/cm/cmr17.pfb><C:/Program Fi
les (x86)/CTEX/MiKTeX/fonts/type1/public/amsfonts/cm/cmr5.pfb><C:/Program Files
 (x86)/CTEX/MiKTeX/fonts/type1/public/amsfonts/cm/cmr7.pfb><C:/Program Files (x
86)/CTEX/MiKTeX/fonts/type1/public/amsfonts/cm/cmr8.pfb><C:/Program Files (x86)
/CTEX/MiKTeX/fonts/type1/public/amsfonts/cm/cmr9.pfb><C:/Program Files (x86)/CT
EX/MiKTeX/fonts/type1/public/amsfonts/cm/cmsy10.pfb><C:/Program Files (x86)/CTE
X/MiKTeX/fonts/type1/public/amsfonts/cm/cmsy5.pfb><C:/Program Files (x86)/CTEX/
MiKTeX/fonts/type1/public/amsfonts/cm/cmsy6.pfb><C:/Program Files (x86)/CTEX/Mi
KTeX/fonts/type1/public/amsfonts/cm/cmsy7.pfb><C:/Program Files (x86)/CTEX/MiKT
eX/fonts/type1/public/amsfonts/cm/cmsy8.pfb><C:/Program Files (x86)/CTEX/MiKTeX
/fonts/type1/public/amsfonts/cm/cmti10.pfb><C:/Program Files (x86)/CTEX/MiKTeX/
fonts/type1/public/amsfonts/latxfont/lasy10.pfb><C:/Program Files (x86)/CTEX/Mi
KTeX/fonts/type1/public/amsfonts/symbols/msam10.pfb><C:/Program Files (x86)/CTE
X/MiKTeX/fonts/type1/public/amsfonts/symbols/msbm10.pfb><C:/Program Files (x86)
/CTEX/MiKTeX/fonts/type1/hoekwater/rsfs/rsfs10.pfb>
Output written on nonparametric_mixture.pdf (20 pages, 510073 bytes).
PDF statistics:
 662 PDF objects out of 1000 (max. 8388607)
 151 named destinations out of 1000 (max. 500000)
 321 words of extra memory for PDF output out of 10000 (max. 10000000)

