This is pdfTeX, Version 3.1415926-2.3-1.40.12 (MiKTeX 2.9) (preloaded format=pdflatex 2013.9.11)  4 OCT 2013 12:16
entering extended mode
**C:/Users/Double/Desktop/nonparametric_mixture/experiment/experiment.tex
(C:/Users/Double/Desktop/nonparametric_mixture/experiment/experiment.tex
LaTeX2e <2011/06/27>
Babel <v3.8m> and hyphenation patterns for loaded.
("C:\Program Files (x86)\CTEX\MiKTeX\tex\latex\base\article.cls"
Document Class: article 2007/10/19 v1.4h Standard LaTeX document class
("C:\Program Files (x86)\CTEX\MiKTeX\tex\latex\base\size11.clo"
File: size11.clo 2007/10/19 v1.4h Standard LaTeX file (size option)
)
\c@part=\count79
\c@section=\count80
\c@subsection=\count81
\c@subsubsection=\count82
\c@paragraph=\count83
\c@subparagraph=\count84
\c@figure=\count85
\c@table=\count86
\abovecaptionskip=\skip41
\belowcaptionskip=\skip42
\bibindent=\dimen102
)
("C:\Program Files (x86)\CTEX\MiKTeX\tex\latex\graphics\graphicx.sty"
Package: graphicx 1999/02/16 v1.0f Enhanced LaTeX Graphics (DPC,SPQR)

("C:\Program Files (x86)\CTEX\MiKTeX\tex\latex\graphics\keyval.sty"
Package: keyval 1999/03/16 v1.13 key=value parser (DPC)
\KV@toks@=\toks14
)
("C:\Program Files (x86)\CTEX\MiKTeX\tex\latex\graphics\graphics.sty"
Package: graphics 2009/02/05 v1.0o Standard LaTeX Graphics (DPC,SPQR)

("C:\Program Files (x86)\CTEX\MiKTeX\tex\latex\graphics\trig.sty"
Package: trig 1999/03/16 v1.09 sin cos tan (DPC)
)
("C:\Program Files (x86)\CTEX\MiKTeX\tex\latex\00miktex\graphics.cfg"
File: graphics.cfg 2007/01/18 v1.5 graphics configuration of teTeX/TeXLive
)
Package graphics Info: Driver file: pdftex.def on input line 91.

("C:\Program Files (x86)\CTEX\MiKTeX\tex\latex\pdftex-def\pdftex.def"
File: pdftex.def 2011/05/27 v0.06d Graphics/color for pdfTeX

("C:\Program Files (x86)\CTEX\MiKTeX\tex\generic\oberdiek\infwarerr.sty"
Package: infwarerr 2010/04/08 v1.3 Providing info/warning/message (HO)
)
("C:\Program Files (x86)\CTEX\MiKTeX\tex\generic\oberdiek\ltxcmds.sty"
Package: ltxcmds 2011/04/18 v1.20 LaTeX kernel commands for general use (HO)
)
\Gread@gobject=\count87
))
\Gin@req@height=\dimen103
\Gin@req@width=\dimen104
)
("C:\Program Files (x86)\CTEX\MiKTeX\tex\latex\subfigure\subfigure.sty"
Package: subfigure 2002/07/30 v2.1.4 subfigure package
\subfigtopskip=\skip43
\subfigcapskip=\skip44
\subfigcaptopadj=\dimen105
\subfigbottomskip=\skip45
\subfigcapmargin=\dimen106
\subfiglabelskip=\skip46
\c@subfigure=\count88
\c@lofdepth=\count89
\c@subtable=\count90
\c@lotdepth=\count91

****************************************
* Local config file subfigure.cfg used *
****************************************
("C:\Program Files (x86)\CTEX\MiKTeX\tex\latex\subfigure\subfigure.cfg")
\subfig@top=\skip47
\subfig@bottom=\skip48
)
("C:\Program Files (x86)\CTEX\MiKTeX\tex\latex\ams\math\amsmath.sty"
Package: amsmath 2000/07/18 v2.13 AMS math features
\@mathmargin=\skip49

For additional information on amsmath, use the `?' option.
("C:\Program Files (x86)\CTEX\MiKTeX\tex\latex\ams\math\amstext.sty"
Package: amstext 2000/06/29 v2.01

("C:\Program Files (x86)\CTEX\MiKTeX\tex\latex\ams\math\amsgen.sty"
File: amsgen.sty 1999/11/30 v2.0
\@emptytoks=\toks15
\ex@=\dimen107
))
("C:\Program Files (x86)\CTEX\MiKTeX\tex\latex\ams\math\amsbsy.sty"
Package: amsbsy 1999/11/29 v1.2d
\pmbraise@=\dimen108
)
("C:\Program Files (x86)\CTEX\MiKTeX\tex\latex\ams\math\amsopn.sty"
Package: amsopn 1999/12/14 v2.01 operator names
)
\inf@bad=\count92
LaTeX Info: Redefining \frac on input line 211.
\uproot@=\count93
\leftroot@=\count94
LaTeX Info: Redefining \overline on input line 307.
\classnum@=\count95
\DOTSCASE@=\count96
LaTeX Info: Redefining \ldots on input line 379.
LaTeX Info: Redefining \dots on input line 382.
LaTeX Info: Redefining \cdots on input line 467.
\Mathstrutbox@=\box26
\strutbox@=\box27
\big@size=\dimen109
LaTeX Font Info:    Redeclaring font encoding OML on input line 567.
LaTeX Font Info:    Redeclaring font encoding OMS on input line 568.
\macc@depth=\count97
\c@MaxMatrixCols=\count98
\dotsspace@=\muskip10
\c@parentequation=\count99
\dspbrk@lvl=\count100
\tag@help=\toks16
\row@=\count101
\column@=\count102
\maxfields@=\count103
\andhelp@=\toks17
\eqnshift@=\dimen110
\alignsep@=\dimen111
\tagshift@=\dimen112
\tagwidth@=\dimen113
\totwidth@=\dimen114
\lineht@=\dimen115
\@envbody=\toks18
\multlinegap=\skip50
\multlinetaggap=\skip51
\mathdisplay@stack=\toks19
LaTeX Info: Redefining \[ on input line 2666.
LaTeX Info: Redefining \] on input line 2667.
)
("C:\Program Files (x86)\CTEX\MiKTeX\tex\latex\amsfonts\amsfonts.sty"
Package: amsfonts 2009/06/22 v3.00 Basic AMSFonts support
\symAMSa=\mathgroup4
\symAMSb=\mathgroup5
LaTeX Font Info:    Overwriting math alphabet `\mathfrak' in version `bold'
(Font)                  U/euf/m/n --> U/euf/b/n on input line 96.
)
("C:\Program Files (x86)\CTEX\MiKTeX\tex\latex\amsfonts\amssymb.sty"
Package: amssymb 2009/06/22 v3.00
)
("C:\Program Files (x86)\CTEX\MiKTeX\tex\latex\ams\classes\amsthm.sty"
Package: amsthm 2004/08/06 v2.20
\thm@style=\toks20
\thm@bodyfont=\toks21
\thm@headfont=\toks22
\thm@notefont=\toks23
\thm@headpunct=\toks24
\thm@preskip=\skip52
\thm@postskip=\skip53
\thm@headsep=\skip54
\dth@everypar=\toks25
)
(C:\Users\Double\Desktop\nonparametric_mixture\experiment\natbib.sty
Package: natbib 2009/07/16 8.31 (PWD, AO)
\bibhang=\skip55
\bibsep=\skip56
LaTeX Info: Redefining \cite on input line 694.
\c@NAT@ctr=\count104
)
(C:\Users\Double\Desktop\nonparametric_mixture\experiment\algorithm.sty
Package: algorithm 

Document Style `algorithm' - floating environment
("C:\Program Files (x86)\CTEX\MiKTeX\tex\latex\float\float.sty"
Package: float 2001/11/08 v1.3d Float enhancements (AL)
\c@float@type=\count105
\float@exts=\toks26
\float@box=\box28
\@float@everytoks=\toks27
\@floatcapt=\box29
)
("C:\Program Files (x86)\CTEX\MiKTeX\tex\latex\base\ifthen.sty"
Package: ifthen 2001/05/26 v1.1c Standard LaTeX ifthen package (DPC)
)
\@float@every@algorithm=\toks28
\c@algorithm=\count106
)
(C:\Users\Double\Desktop\nonparametric_mixture\experiment\algorithmic.sty
Package: algorithmic 

Document Style `algorithmic' - environment
("C:\Program Files (x86)\CTEX\MiKTeX\tex\latex\tools\calc.sty"
Package: calc 2007/08/22 v4.3 Infix arithmetic (KKT,FJ)
\calc@Acount=\count107
\calc@Bcount=\count108
\calc@Adimen=\dimen116
\calc@Bdimen=\dimen117
\calc@Askip=\skip57
\calc@Bskip=\skip58
LaTeX Info: Redefining \setlength on input line 76.
LaTeX Info: Redefining \addtolength on input line 77.
\calc@Ccount=\count109
\calc@Cskip=\skip59
)
\c@ALC@line=\count110
\c@ALC@rem=\count111
\ALC@tlm=\skip60
)
("C:\Program Files (x86)\CTEX\MiKTeX\tex\latex\hyperref\hyperref.sty"
Package: hyperref 2012/02/06 v6.82o Hypertext links for LaTeX

("C:\Program Files (x86)\CTEX\MiKTeX\tex\generic\oberdiek\hobsub-hyperref.sty"
Package: hobsub-hyperref 2011/04/23 v1.4 Bundle oberdiek, subset hyperref (HO)

("C:\Program Files (x86)\CTEX\MiKTeX\tex\generic\oberdiek\hobsub-generic.sty"
Package: hobsub-generic 2011/04/23 v1.4 Bundle oberdiek, subset generic (HO)
Package: hobsub 2011/04/23 v1.4 Subsetting bundle oberdiek (HO)
Package hobsub Info: Skipping package `infwarerr' (already loaded).
Package hobsub Info: Skipping package `ltxcmds' (already loaded).
Package: ifluatex 2010/03/01 v1.3 Provides the ifluatex switch (HO)
Package ifluatex Info: LuaTeX not detected.
Package: ifvtex 2010/03/01 v1.5 Switches for detecting VTeX and its modes (HO)
Package ifvtex Info: VTeX not detected.
Package: intcalc 2007/09/27 v1.1 Expandable integer calculations (HO)
Package: ifpdf 2011/01/30 v2.3 Provides the ifpdf switch (HO)
Package ifpdf Info: pdfTeX in PDF mode is detected.
Package: etexcmds 2011/02/16 v1.5 Prefix for e-TeX command names (HO)
Package etexcmds Info: Could not find \expanded.
(etexcmds)             That can mean that you are not using pdfTeX 1.50 or
(etexcmds)             that some package has redefined \expanded.
(etexcmds)             In the latter case, load this package earlier.
Package: kvsetkeys 2011/04/07 v1.13 Key value parser (HO)
Package: kvdefinekeys 2011/04/07 v1.3 Defining keys (HO)
Package: pdftexcmds 2011/04/22 v0.16 Utilities of pdfTeX for LuaTeX (HO)
Package pdftexcmds Info: LuaTeX not detected.
Package pdftexcmds Info: \pdf@primitive is available.
Package pdftexcmds Info: \pdf@ifprimitive is available.
Package pdftexcmds Info: \pdfdraftmode found.
Package: pdfescape 2011/04/04 v1.12 Provides string conversions (HO)
Package: bigintcalc 2011/01/30 v1.2 Expandable big integer calculations (HO)
Package: bitset 2011/01/30 v1.1 Data type bit set (HO)
Package: uniquecounter 2011/01/30 v1.2 Provides unlimited unique counter (HO)
)
Package hobsub Info: Skipping package `hobsub' (already loaded).
Package: letltxmacro 2010/09/02 v1.4 Let assignment for LaTeX macros (HO)
Package: hopatch 2011/01/30 v1.0 Wrapper for package hooks (HO)
Package: xcolor-patch 2011/01/30 xcolor patch
Package: atveryend 2011/04/23 v1.7 Hooks at very end of document (HO)
Package: atbegshi 2011/01/30 v1.15 At begin shipout hook (HO)
Package: refcount 2010/12/01 v3.2 Data extraction from references (HO)
Package: hycolor 2011/01/30 v1.7 Color options of hyperref/bookmark (HO)
) ("C:\Program Files (x86)\CTEX\MiKTeX\tex\generic\ifxetex\ifxetex.sty"
Package: ifxetex 2010/09/12 v0.6 Provides ifxetex conditional
)
("C:\Program Files (x86)\CTEX\MiKTeX\tex\latex\oberdiek\kvoptions.sty"
Package: kvoptions 2010/12/23 v3.10 Keyval support for LaTeX options (HO)
)
\@linkdim=\dimen118
\Hy@linkcounter=\count112
\Hy@pagecounter=\count113

("C:\Program Files (x86)\CTEX\MiKTeX\tex\latex\hyperref\pd1enc.def"
File: pd1enc.def 2012/02/06 v6.82o Hyperref: PDFDocEncoding definition (HO)
)
\Hy@SavedSpaceFactor=\count114

("C:\Program Files (x86)\CTEX\MiKTeX\tex\latex\00miktex\hyperref.cfg"
File: hyperref.cfg 2002/06/06 v1.2 hyperref configuration of TeXLive
)
Package hyperref Info: Hyper figures OFF on input line 4046.
Package hyperref Info: Link nesting OFF on input line 4051.
Package hyperref Info: Hyper index ON on input line 4054.
Package hyperref Info: Plain pages OFF on input line 4061.
Package hyperref Info: Backreferencing OFF on input line 4066.
Package hyperref Info: Implicit mode ON; LaTeX internals redefined.
Package hyperref Info: Bookmarks ON on input line 4284.
\c@Hy@tempcnt=\count115

("C:\Program Files (x86)\CTEX\MiKTeX\tex\latex\ltxmisc\url.sty"
\Urlmuskip=\muskip11
Package: url 2006/04/12  ver 3.3  Verb mode for urls, etc.
)
LaTeX Info: Redefining \url on input line 4637.
\Fld@menulength=\count116
\Field@Width=\dimen119
\Fld@charsize=\dimen120
Package hyperref Info: Hyper figures OFF on input line 5757.
Package hyperref Info: Link nesting OFF on input line 5762.
Package hyperref Info: Hyper index ON on input line 5765.
Package hyperref Info: backreferencing OFF on input line 5772.
Package hyperref Info: Link coloring OFF on input line 5777.
Package hyperref Info: Link coloring with OCG OFF on input line 5782.
Package hyperref Info: PDF/A mode OFF on input line 5787.
LaTeX Info: Redefining \ref on input line 5827.
LaTeX Info: Redefining \pageref on input line 5831.
\Hy@abspage=\count117
\c@Item=\count118
\c@Hfootnote=\count119
)

Package hyperref Message: Driver (autodetected): hpdftex.

("C:\Program Files (x86)\CTEX\MiKTeX\tex\latex\hyperref\hpdftex.def"
File: hpdftex.def 2012/02/06 v6.82o Hyperref driver for pdfTeX
\Fld@listcount=\count120
\c@bookmark@seq@number=\count121

("C:\Program Files (x86)\CTEX\MiKTeX\tex\latex\oberdiek\rerunfilecheck.sty"
Package: rerunfilecheck 2011/04/15 v1.7 Rerun checks for auxiliary files (HO)
Package uniquecounter Info: New unique counter `rerunfilecheck' on input line 2
82.
)
\Hy@SectionHShift=\skip61
)
\c@thm=\count122

("C:\Program Files (x86)\CTEX\MiKTeX\tex\latex\preprint\fullpage.sty"
Package: fullpage 1999/02/23 1.1 (PWD)
\FP@margin=\skip62
)
("C:\Program Files (x86)\CTEX\MiKTeX\tex\latex\xcolor\xcolor.sty"
Package: xcolor 2007/01/21 v2.11 LaTeX color extensions (UK)

("C:\Program Files (x86)\CTEX\MiKTeX\tex\latex\00miktex\color.cfg"
File: color.cfg 2007/01/18 v1.5 color configuration of teTeX/TeXLive
)
Package xcolor Info: Driver file: pdftex.def on input line 225.
Package xcolor Info: Model `cmy' substituted by `cmy0' on input line 1337.
Package xcolor Info: Model `hsb' substituted by `rgb' on input line 1341.
Package xcolor Info: Model `RGB' extended on input line 1353.
Package xcolor Info: Model `HTML' substituted by `rgb' on input line 1355.
Package xcolor Info: Model `Hsb' substituted by `hsb' on input line 1356.
Package xcolor Info: Model `tHsb' substituted by `hsb' on input line 1357.
Package xcolor Info: Model `HSB' substituted by `hsb' on input line 1358.
Package xcolor Info: Model `Gray' substituted by `gray' on input line 1359.
Package xcolor Info: Model `wave' substituted by `hsb' on input line 1360.
)
(C:\Users\Double\Desktop\nonparametric_mixture\experiment\experiment.aux)
LaTeX Font Info:    Checking defaults for OML/cmm/m/it on input line 73.
LaTeX Font Info:    ... okay on input line 73.
LaTeX Font Info:    Checking defaults for T1/cmr/m/n on input line 73.
LaTeX Font Info:    ... okay on input line 73.
LaTeX Font Info:    Checking defaults for OT1/cmr/m/n on input line 73.
LaTeX Font Info:    ... okay on input line 73.
LaTeX Font Info:    Checking defaults for OMS/cmsy/m/n on input line 73.
LaTeX Font Info:    ... okay on input line 73.
LaTeX Font Info:    Checking defaults for OMX/cmex/m/n on input line 73.
LaTeX Font Info:    ... okay on input line 73.
LaTeX Font Info:    Checking defaults for U/cmr/m/n on input line 73.
LaTeX Font Info:    ... okay on input line 73.
LaTeX Font Info:    Checking defaults for PD1/pdf/m/n on input line 73.
LaTeX Font Info:    ... okay on input line 73.

("C:\Program Files (x86)\CTEX\MiKTeX\tex\context\base\supp-pdf.mkii"
[Loading MPS to PDF converter (version 2006.09.02).]
\scratchcounter=\count123
\scratchdimen=\dimen121
\scratchbox=\box30
\nofMPsegments=\count124
\nofMParguments=\count125
\everyMPshowfont=\toks29
\MPscratchCnt=\count126
\MPscratchDim=\dimen122
\MPnumerator=\count127
\makeMPintoPDFobject=\count128
\everyMPtoPDFconversion=\toks30
)
\AtBeginShipoutBox=\box31
Package hyperref Info: Link coloring OFF on input line 73.
 ("C:\Program Files (x86)\CTEX\MiKTeX\tex\latex\hyperref\nameref.sty"
Package: nameref 2010/04/30 v2.40 Cross-referencing by name of section

("C:\Program Files (x86)\CTEX\MiKTeX\tex\generic\oberdiek\gettitlestring.sty"
Package: gettitlestring 2010/12/03 v1.4 Cleanup title references (HO)
)
\c@section@level=\count129
)
LaTeX Info: Redefining \ref on input line 73.
LaTeX Info: Redefining \pageref on input line 73.
LaTeX Info: Redefining \nameref on input line 73.
\@outlinefile=\write3
LaTeX Font Info:    Try loading font information for U+msa on input line 75.
("C:\Program Files (x86)\CTEX\MiKTeX\tex\latex\amsfonts\umsa.fd"
File: umsa.fd 2009/06/22 v3.00 AMS symbols A
)
LaTeX Font Info:    Try loading font information for U+msb on input line 75.

("C:\Program Files (x86)\CTEX\MiKTeX\tex\latex\amsfonts\umsb.fd"
File: umsb.fd 2009/06/22 v3.00 AMS symbols B
)

LaTeX Warning: No \author given.

[1

{C:/Program Files (x86)/CTEX/UserData/pdftex/config/pdftex.map}]
<figure/diff_gauss_k_2_view_3.pdf, id=33, 433.62pt x 361.35pt>
File: figure/diff_gauss_k_2_view_3.pdf Graphic file (type pdf)

<use figure/diff_gauss_k_2_view_3.pdf>
Package pdftex.def Info: figure/diff_gauss_k_2_view_3.pdf used on input line 12
5.
(pdftex.def)             Requested size: 150.32504pt x 125.2724pt.

<figure/diff_gauss_k_2_view_2.pdf, id=34, 433.62pt x 361.35pt>
File: figure/diff_gauss_k_2_view_2.pdf Graphic file (type pdf)

<use figure/diff_gauss_k_2_view_2.pdf>
Package pdftex.def Info: figure/diff_gauss_k_2_view_2.pdf used on input line 12
8.
(pdftex.def)             Requested size: 150.32504pt x 125.2724pt.

<figure/diff_gauss_k_2_view_1.pdf, id=35, 433.62pt x 361.35pt>
File: figure/diff_gauss_k_2_view_1.pdf Graphic file (type pdf)

<use figure/diff_gauss_k_2_view_1.pdf>
Package pdftex.def Info: figure/diff_gauss_k_2_view_1.pdf used on input line 13
1.
(pdftex.def)             Requested size: 150.32504pt x 125.2724pt.

Overfull \hbox (7.98674pt too wide) in paragraph at lines 125--132
[][] [][] [][] 
 []

<figure/diff_gauss_k_3_view_3.pdf, id=36, 433.62pt x 361.35pt>
File: figure/diff_gauss_k_3_view_3.pdf Graphic file (type pdf)

<use figure/diff_gauss_k_3_view_3.pdf>
Package pdftex.def Info: figure/diff_gauss_k_3_view_3.pdf used on input line 13
9.
(pdftex.def)             Requested size: 150.32504pt x 125.2724pt.

<figure/diff_gauss_k_3_view_2.pdf, id=37, 433.62pt x 361.35pt>
File: figure/diff_gauss_k_3_view_2.pdf Graphic file (type pdf)

<use figure/diff_gauss_k_3_view_2.pdf>
Package pdftex.def Info: figure/diff_gauss_k_3_view_2.pdf used on input line 14
2.
(pdftex.def)             Requested size: 150.32504pt x 125.2724pt.

<figure/diff_gauss_k_3_view_1.pdf, id=38, 433.62pt x 361.35pt>
File: figure/diff_gauss_k_3_view_1.pdf Graphic file (type pdf)

<use figure/diff_gauss_k_3_view_1.pdf>
Package pdftex.def Info: figure/diff_gauss_k_3_view_1.pdf used on input line 14
5.
(pdftex.def)             Requested size: 150.32504pt x 125.2724pt.

Overfull \hbox (7.98674pt too wide) in paragraph at lines 139--146
[][] [][] [][] 
 []

<figure/diff_gauss_k_4_view_3.pdf, id=39, 433.62pt x 361.35pt>
File: figure/diff_gauss_k_4_view_3.pdf Graphic file (type pdf)

<use figure/diff_gauss_k_4_view_3.pdf>
Package pdftex.def Info: figure/diff_gauss_k_4_view_3.pdf used on input line 15
2.
(pdftex.def)             Requested size: 150.32504pt x 125.2724pt.

<figure/diff_gauss_k_4_view_2.pdf, id=40, 433.62pt x 361.35pt>
File: figure/diff_gauss_k_4_view_2.pdf Graphic file (type pdf)

<use figure/diff_gauss_k_4_view_2.pdf>
Package pdftex.def Info: figure/diff_gauss_k_4_view_2.pdf used on input line 15
5.
(pdftex.def)             Requested size: 150.32504pt x 125.2724pt.

<figure/diff_gauss_k_4_view_1.pdf, id=41, 433.62pt x 361.35pt>
File: figure/diff_gauss_k_4_view_1.pdf Graphic file (type pdf)

<use figure/diff_gauss_k_4_view_1.pdf>
Package pdftex.def Info: figure/diff_gauss_k_4_view_1.pdf used on input line 15
8.
(pdftex.def)             Requested size: 150.32504pt x 125.2724pt.

Overfull \hbox (7.98674pt too wide) in paragraph at lines 152--159
[][] [][] [][] 
 []

<figure/diff_gauss_k_8_view_3.pdf, id=42, 433.62pt x 361.35pt>
File: figure/diff_gauss_k_8_view_3.pdf Graphic file (type pdf)

<use figure/diff_gauss_k_8_view_3.pdf>
Package pdftex.def Info: figure/diff_gauss_k_8_view_3.pdf used on input line 16
5.
(pdftex.def)             Requested size: 150.32504pt x 125.2724pt.

<figure/diff_gauss_k_8_view_2.pdf, id=43, 433.62pt x 361.35pt>
File: figure/diff_gauss_k_8_view_2.pdf Graphic file (type pdf)

<use figure/diff_gauss_k_8_view_2.pdf>
Package pdftex.def Info: figure/diff_gauss_k_8_view_2.pdf used on input line 16
8.
(pdftex.def)             Requested size: 150.32504pt x 125.2724pt.

<figure/diff_gauss_k_8_view_1.pdf, id=44, 433.62pt x 361.35pt>
File: figure/diff_gauss_k_8_view_1.pdf Graphic file (type pdf)

<use figure/diff_gauss_k_8_view_1.pdf>
Package pdftex.def Info: figure/diff_gauss_k_8_view_1.pdf used on input line 17
1.
(pdftex.def)             Requested size: 150.32504pt x 125.2724pt.

Overfull \hbox (7.98674pt too wide) in paragraph at lines 165--172
[][] [][] [][] 
 []

<figure/sym_gauss_k_2.pdf, id=45, 433.62pt x 361.35pt>
File: figure/sym_gauss_k_2.pdf Graphic file (type pdf)

<use figure/sym_gauss_k_2.pdf>
Package pdftex.def Info: figure/sym_gauss_k_2.pdf used on input line 179.
(pdftex.def)             Requested size: 108.04164pt x 90.03401pt.

<figure/sym_gauss_k_3.pdf, id=46, 433.62pt x 361.35pt>
File: figure/sym_gauss_k_3.pdf Graphic file (type pdf)

<use figure/sym_gauss_k_3.pdf>
Package pdftex.def Info: figure/sym_gauss_k_3.pdf used on input line 182.
(pdftex.def)             Requested size: 108.04164pt x 90.03401pt.

<figure/sym_gauss_k_4.pdf, id=47, 433.62pt x 361.35pt>
File: figure/sym_gauss_k_4.pdf Graphic file (type pdf)

<use figure/sym_gauss_k_4.pdf>
Package pdftex.def Info: figure/sym_gauss_k_4.pdf used on input line 185.
(pdftex.def)             Requested size: 108.04164pt x 90.03401pt.

<figure/sym_gauss_k_8.pdf, id=48, 433.62pt x 361.35pt>
File: figure/sym_gauss_k_8.pdf Graphic file (type pdf)

<use figure/sym_gauss_k_8.pdf>
Package pdftex.def Info: figure/sym_gauss_k_8.pdf used on input line 188.
(pdftex.def)             Requested size: 108.04164pt x 90.03401pt.

<figure/sp_diff_gauss_k_2_view_3.pdf, id=49, 433.62pt x 361.35pt>
File: figure/sp_diff_gauss_k_2_view_3.pdf Graphic file (type pdf)

<use figure/sp_diff_gauss_k_2_view_3.pdf>
Package pdftex.def Info: figure/sp_diff_gauss_k_2_view_3.pdf used on input line
 200.
(pdftex.def)             Requested size: 150.32504pt x 125.2724pt.

<figure/sp_diff_gauss_k_2_view_2.pdf, id=50, 433.62pt x 361.35pt>
File: figure/sp_diff_gauss_k_2_view_2.pdf Graphic file (type pdf)

<use figure/sp_diff_gauss_k_2_view_2.pdf>
Package pdftex.def Info: figure/sp_diff_gauss_k_2_view_2.pdf used on input line
 203.
(pdftex.def)             Requested size: 150.32504pt x 125.2724pt.

<figure/sp_diff_gauss_k_2_view_1.pdf, id=51, 433.62pt x 361.35pt>
File: figure/sp_diff_gauss_k_2_view_1.pdf Graphic file (type pdf)

<use figure/sp_diff_gauss_k_2_view_1.pdf>
Package pdftex.def Info: figure/sp_diff_gauss_k_2_view_1.pdf used on input line
 206.
(pdftex.def)             Requested size: 150.32504pt x 125.2724pt.

Overfull \hbox (7.98674pt too wide) in paragraph at lines 200--207
[][] [][] [][] 
 []

<figure/sp_diff_gauss_k_3_view_3.pdf, id=52, 433.62pt x 361.35pt>
File: figure/sp_diff_gauss_k_3_view_3.pdf Graphic file (type pdf)

<use figure/sp_diff_gauss_k_3_view_3.pdf>
Package pdftex.def Info: figure/sp_diff_gauss_k_3_view_3.pdf used on input line
 214.
(pdftex.def)             Requested size: 150.32504pt x 125.2724pt.

<figure/sp_diff_gauss_k_3_view_2.pdf, id=53, 433.62pt x 361.35pt>
File: figure/sp_diff_gauss_k_3_view_2.pdf Graphic file (type pdf)

<use figure/sp_diff_gauss_k_3_view_2.pdf>
Package pdftex.def Info: figure/sp_diff_gauss_k_3_view_2.pdf used on input line
 217.
(pdftex.def)             Requested size: 150.32504pt x 125.2724pt.

<figure/sp_diff_gauss_k_3_view_1.pdf, id=54, 433.62pt x 361.35pt>
File: figure/sp_diff_gauss_k_3_view_1.pdf Graphic file (type pdf)

<use figure/sp_diff_gauss_k_3_view_1.pdf>
Package pdftex.def Info: figure/sp_diff_gauss_k_3_view_1.pdf used on input line
 220.
(pdftex.def)             Requested size: 150.32504pt x 125.2724pt.

Overfull \hbox (7.98674pt too wide) in paragraph at lines 214--221
[][] [][] [][] 
 []

<figure/sp_diff_gauss_k_4_view_3.pdf, id=55, 433.62pt x 361.35pt>
File: figure/sp_diff_gauss_k_4_view_3.pdf Graphic file (type pdf)

<use figure/sp_diff_gauss_k_4_view_3.pdf>
Package pdftex.def Info: figure/sp_diff_gauss_k_4_view_3.pdf used on input line
 228.
(pdftex.def)             Requested size: 150.32504pt x 125.2724pt.

<figure/sp_diff_gauss_k_4_view_2.pdf, id=56, 433.62pt x 361.35pt>
File: figure/sp_diff_gauss_k_4_view_2.pdf Graphic file (type pdf)

<use figure/sp_diff_gauss_k_4_view_2.pdf>
Package pdftex.def Info: figure/sp_diff_gauss_k_4_view_2.pdf used on input line
 231.
(pdftex.def)             Requested size: 150.32504pt x 125.2724pt.

<figure/sp_diff_gauss_k_4_view_1.pdf, id=57, 433.62pt x 361.35pt>
File: figure/sp_diff_gauss_k_4_view_1.pdf Graphic file (type pdf)

<use figure/sp_diff_gauss_k_4_view_1.pdf>
Package pdftex.def Info: figure/sp_diff_gauss_k_4_view_1.pdf used on input line
 234.
(pdftex.def)             Requested size: 150.32504pt x 125.2724pt.

Overfull \hbox (7.98674pt too wide) in paragraph at lines 228--235
[][] [][] [][] 
 []

<figure/sp_diff_gauss_k_8_view_3.pdf, id=58, 433.62pt x 361.35pt>
File: figure/sp_diff_gauss_k_8_view_3.pdf Graphic file (type pdf)

<use figure/sp_diff_gauss_k_8_view_3.pdf>
Package pdftex.def Info: figure/sp_diff_gauss_k_8_view_3.pdf used on input line
 242.
(pdftex.def)             Requested size: 150.32504pt x 125.2724pt.

<figure/sp_diff_gauss_k_8_view_2.pdf, id=59, 433.62pt x 361.35pt>
File: figure/sp_diff_gauss_k_8_view_2.pdf Graphic file (type pdf)

<use figure/sp_diff_gauss_k_8_view_2.pdf>
Package pdftex.def Info: figure/sp_diff_gauss_k_8_view_2.pdf used on input line
 245.
(pdftex.def)             Requested size: 150.32504pt x 125.2724pt.

<figure/sp_diff_gauss_k_8_view_1.pdf, id=60, 433.62pt x 361.35pt>
File: figure/sp_diff_gauss_k_8_view_1.pdf Graphic file (type pdf)

<use figure/sp_diff_gauss_k_8_view_1.pdf>
Package pdftex.def Info: figure/sp_diff_gauss_k_8_view_1.pdf used on input line
 248.
(pdftex.def)             Requested size: 150.32504pt x 125.2724pt.

Overfull \hbox (7.98674pt too wide) in paragraph at lines 242--249
[][] [][] [][] 
 []

<figure/sp_sym_gauss_k_2.pdf, id=61, 433.62pt x 361.35pt>
File: figure/sp_sym_gauss_k_2.pdf Graphic file (type pdf)

<use figure/sp_sym_gauss_k_2.pdf>
Package pdftex.def Info: figure/sp_sym_gauss_k_2.pdf used on input line 257.
(pdftex.def)             Requested size: 108.04164pt x 90.03401pt.

<figure/sp_sym_gauss_k_3.pdf, id=62, 433.62pt x 361.35pt>
File: figure/sp_sym_gauss_k_3.pdf Graphic file (type pdf)

<use figure/sp_sym_gauss_k_3.pdf>
Package pdftex.def Info: figure/sp_sym_gauss_k_3.pdf used on input line 260.
(pdftex.def)             Requested size: 108.04164pt x 90.03401pt.

<figure/sp_sym_gauss_k_4.pdf, id=63, 433.62pt x 361.35pt>
File: figure/sp_sym_gauss_k_4.pdf Graphic file (type pdf)

<use figure/sp_sym_gauss_k_4.pdf>
Package pdftex.def Info: figure/sp_sym_gauss_k_4.pdf used on input line 263.
(pdftex.def)             Requested size: 108.04164pt x 90.03401pt.

<figure/sp_sym_gauss_k_8.pdf, id=64, 433.62pt x 361.35pt>
File: figure/sp_sym_gauss_k_8.pdf Graphic file (type pdf)

<use figure/sp_sym_gauss_k_8.pdf>
Package pdftex.def Info: figure/sp_sym_gauss_k_8.pdf used on input line 266.
(pdftex.def)             Requested size: 108.04164pt x 90.03401pt.

<figure/diff_heter_k_2_view_3.pdf, id=65, 433.62pt x 361.35pt>
File: figure/diff_heter_k_2_view_3.pdf Graphic file (type pdf)

<use figure/diff_heter_k_2_view_3.pdf>
Package pdftex.def Info: figure/diff_heter_k_2_view_3.pdf used on input line 27
7.
(pdftex.def)             Requested size: 150.32504pt x 125.2724pt.

<figure/diff_heter_k_2_view_2.pdf, id=66, 433.62pt x 361.35pt>
File: figure/diff_heter_k_2_view_2.pdf Graphic file (type pdf)

<use figure/diff_heter_k_2_view_2.pdf>
Package pdftex.def Info: figure/diff_heter_k_2_view_2.pdf used on input line 28
0.
(pdftex.def)             Requested size: 150.32504pt x 125.2724pt.

<figure/diff_heter_k_2_view_1.pdf, id=67, 433.62pt x 361.35pt>
File: figure/diff_heter_k_2_view_1.pdf Graphic file (type pdf)

<use figure/diff_heter_k_2_view_1.pdf>
Package pdftex.def Info: figure/diff_heter_k_2_view_1.pdf used on input line 28
3.
(pdftex.def)             Requested size: 150.32504pt x 125.2724pt.

Overfull \hbox (7.98674pt too wide) in paragraph at lines 277--284
[][] [][] [][] 
 []

<figure/diff_heter_k_3_view_3.pdf, id=68, 433.62pt x 361.35pt>
File: figure/diff_heter_k_3_view_3.pdf Graphic file (type pdf)

<use figure/diff_heter_k_3_view_3.pdf>
Package pdftex.def Info: figure/diff_heter_k_3_view_3.pdf used on input line 29
1.
(pdftex.def)             Requested size: 150.32504pt x 125.2724pt.

<figure/diff_heter_k_3_view_2.pdf, id=69, 433.62pt x 361.35pt>
File: figure/diff_heter_k_3_view_2.pdf Graphic file (type pdf)

<use figure/diff_heter_k_3_view_2.pdf>
Package pdftex.def Info: figure/diff_heter_k_3_view_2.pdf used on input line 29
4.
(pdftex.def)             Requested size: 150.32504pt x 125.2724pt.

<figure/diff_heter_k_3_view_1.pdf, id=70, 433.62pt x 361.35pt>
File: figure/diff_heter_k_3_view_1.pdf Graphic file (type pdf)

<use figure/diff_heter_k_3_view_1.pdf>
Package pdftex.def Info: figure/diff_heter_k_3_view_1.pdf used on input line 29
7.
(pdftex.def)             Requested size: 150.32504pt x 125.2724pt.

Overfull \hbox (7.98674pt too wide) in paragraph at lines 291--298
[][] [][] [][] 
 []

<figure/diff_heter_k_4_view_3.pdf, id=71, 433.62pt x 361.35pt>
File: figure/diff_heter_k_4_view_3.pdf Graphic file (type pdf)

<use figure/diff_heter_k_4_view_3.pdf>
Package pdftex.def Info: figure/diff_heter_k_4_view_3.pdf used on input line 30
4.
(pdftex.def)             Requested size: 150.32504pt x 125.2724pt.

<figure/diff_heter_k_4_view_2.pdf, id=72, 433.62pt x 361.35pt>
File: figure/diff_heter_k_4_view_2.pdf Graphic file (type pdf)

<use figure/diff_heter_k_4_view_2.pdf>
Package pdftex.def Info: figure/diff_heter_k_4_view_2.pdf used on input line 30
7.
(pdftex.def)             Requested size: 150.32504pt x 125.2724pt.

<figure/diff_heter_k_4_view_1.pdf, id=73, 433.62pt x 361.35pt>
File: figure/diff_heter_k_4_view_1.pdf Graphic file (type pdf)

<use figure/diff_heter_k_4_view_1.pdf>
Package pdftex.def Info: figure/diff_heter_k_4_view_1.pdf used on input line 31
0.
(pdftex.def)             Requested size: 150.32504pt x 125.2724pt.

Overfull \hbox (7.98674pt too wide) in paragraph at lines 304--311
[][] [][] [][] 
 []

<figure/diff_heter_k_8_view_3.pdf, id=74, 433.62pt x 361.35pt>
File: figure/diff_heter_k_8_view_3.pdf Graphic file (type pdf)

<use figure/diff_heter_k_8_view_3.pdf>
Package pdftex.def Info: figure/diff_heter_k_8_view_3.pdf used on input line 31
7.
(pdftex.def)             Requested size: 150.32504pt x 125.2724pt.

<figure/diff_heter_k_8_view_2.pdf, id=75, 433.62pt x 361.35pt>
File: figure/diff_heter_k_8_view_2.pdf Graphic file (type pdf)

<use figure/diff_heter_k_8_view_2.pdf>
Package pdftex.def Info: figure/diff_heter_k_8_view_2.pdf used on input line 32
0.
(pdftex.def)             Requested size: 150.32504pt x 125.2724pt.

<figure/diff_heter_k_8_view_1.pdf, id=76, 433.62pt x 361.35pt>
File: figure/diff_heter_k_8_view_1.pdf Graphic file (type pdf)

<use figure/diff_heter_k_8_view_1.pdf>
Package pdftex.def Info: figure/diff_heter_k_8_view_1.pdf used on input line 32
3.
(pdftex.def)             Requested size: 150.32504pt x 125.2724pt.

Overfull \hbox (7.98674pt too wide) in paragraph at lines 317--324
[][] [][] [][] 
 []

<figure/sym_heter_k_2.pdf, id=77, 433.62pt x 361.35pt>
File: figure/sym_heter_k_2.pdf Graphic file (type pdf)

<use figure/sym_heter_k_2.pdf>
Package pdftex.def Info: figure/sym_heter_k_2.pdf used on input line 331.
(pdftex.def)             Requested size: 108.04164pt x 90.03401pt.

<figure/sym_heter_k_3.pdf, id=78, 433.62pt x 361.35pt>
File: figure/sym_heter_k_3.pdf Graphic file (type pdf)

<use figure/sym_heter_k_3.pdf>
Package pdftex.def Info: figure/sym_heter_k_3.pdf used on input line 334.
(pdftex.def)             Requested size: 108.04164pt x 90.03401pt.

<figure/sym_heter_k_4.pdf, id=79, 433.62pt x 361.35pt>
File: figure/sym_heter_k_4.pdf Graphic file (type pdf)

<use figure/sym_heter_k_4.pdf>
Package pdftex.def Info: figure/sym_heter_k_4.pdf used on input line 337.
(pdftex.def)             Requested size: 108.04164pt x 90.03401pt.

<figure/sym_heter_k_8.pdf, id=80, 433.62pt x 361.35pt>
File: figure/sym_heter_k_8.pdf Graphic file (type pdf)

<use figure/sym_heter_k_8.pdf>
Package pdftex.def Info: figure/sym_heter_k_8.pdf used on input line 340.
(pdftex.def)             Requested size: 108.04164pt x 90.03401pt.

<figure/sp_diff_heter_k_2_view_3.pdf, id=81, 433.62pt x 361.35pt>
File: figure/sp_diff_heter_k_2_view_3.pdf Graphic file (type pdf)

<use figure/sp_diff_heter_k_2_view_3.pdf>
Package pdftex.def Info: figure/sp_diff_heter_k_2_view_3.pdf used on input line
 351.
(pdftex.def)             Requested size: 150.32504pt x 125.2724pt.

<figure/sp_diff_heter_k_2_view_2.pdf, id=82, 433.62pt x 361.35pt>
File: figure/sp_diff_heter_k_2_view_2.pdf Graphic file (type pdf)

<use figure/sp_diff_heter_k_2_view_2.pdf>
Package pdftex.def Info: figure/sp_diff_heter_k_2_view_2.pdf used on input line
 354.
(pdftex.def)             Requested size: 150.32504pt x 125.2724pt.

<figure/sp_diff_heter_k_2_view_1.pdf, id=83, 433.62pt x 361.35pt>
File: figure/sp_diff_heter_k_2_view_1.pdf Graphic file (type pdf)

<use figure/sp_diff_heter_k_2_view_1.pdf>
Package pdftex.def Info: figure/sp_diff_heter_k_2_view_1.pdf used on input line
 357.
(pdftex.def)             Requested size: 150.32504pt x 125.2724pt.

Overfull \hbox (7.98674pt too wide) in paragraph at lines 351--358
[][] [][] [][] 
 []

<figure/sp_diff_heter_k_3_view_3.pdf, id=84, 433.62pt x 361.35pt>
File: figure/sp_diff_heter_k_3_view_3.pdf Graphic file (type pdf)

<use figure/sp_diff_heter_k_3_view_3.pdf>
Package pdftex.def Info: figure/sp_diff_heter_k_3_view_3.pdf used on input line
 365.
(pdftex.def)             Requested size: 150.32504pt x 125.2724pt.

<figure/sp_diff_heter_k_3_view_2.pdf, id=85, 433.62pt x 361.35pt>
File: figure/sp_diff_heter_k_3_view_2.pdf Graphic file (type pdf)

<use figure/sp_diff_heter_k_3_view_2.pdf>
Package pdftex.def Info: figure/sp_diff_heter_k_3_view_2.pdf used on input line
 368.
(pdftex.def)             Requested size: 150.32504pt x 125.2724pt.

<figure/sp_diff_heter_k_3_view_1.pdf, id=86, 433.62pt x 361.35pt>
File: figure/sp_diff_heter_k_3_view_1.pdf Graphic file (type pdf)

<use figure/sp_diff_heter_k_3_view_1.pdf>
Package pdftex.def Info: figure/sp_diff_heter_k_3_view_1.pdf used on input line
 371.
(pdftex.def)             Requested size: 150.32504pt x 125.2724pt.

Overfull \hbox (7.98674pt too wide) in paragraph at lines 365--372
[][] [][] [][] 
 []

<figure/sp_diff_heter_k_4_view_3.pdf, id=87, 433.62pt x 361.35pt>
File: figure/sp_diff_heter_k_4_view_3.pdf Graphic file (type pdf)

<use figure/sp_diff_heter_k_4_view_3.pdf>
Package pdftex.def Info: figure/sp_diff_heter_k_4_view_3.pdf used on input line
 380.
(pdftex.def)             Requested size: 150.32504pt x 125.2724pt.

<figure/sp_diff_heter_k_4_view_2.pdf, id=88, 433.62pt x 361.35pt>
File: figure/sp_diff_heter_k_4_view_2.pdf Graphic file (type pdf)

<use figure/sp_diff_heter_k_4_view_2.pdf>
Package pdftex.def Info: figure/sp_diff_heter_k_4_view_2.pdf used on input line
 383.
(pdftex.def)             Requested size: 150.32504pt x 125.2724pt.

<figure/sp_diff_heter_k_4_view_1.pdf, id=89, 433.62pt x 361.35pt>
File: figure/sp_diff_heter_k_4_view_1.pdf Graphic file (type pdf)

<use figure/sp_diff_heter_k_4_view_1.pdf>
Package pdftex.def Info: figure/sp_diff_heter_k_4_view_1.pdf used on input line
 386.
(pdftex.def)             Requested size: 150.32504pt x 125.2724pt.

Overfull \hbox (7.98674pt too wide) in paragraph at lines 380--387
[][] [][] [][] 
 []


! LaTeX Error: Too many unprocessed floats.

See the LaTeX manual or LaTeX Companion for explanation.
Type  H <return>  for immediate help.
 ...                                              
                                                  
l.392 	\subfigure
                 [View 1]{
You've lost some text.  Try typing  <return>  to proceed.
If that doesn't work, type  X <return>  to quit.

! Undefined control sequence.
\@float@Hx ...ltovf \fi \global \setbox \@currbox 
                                                  \color@vbox \normalcolor \...
l.392 	\subfigure
                 [View 1]{
The control sequence at the end of the top line
of your error message was never \def'ed. If you have
misspelled it (e.g., `\hobx'), type `I' and the correct
spelling (e.g., `I\hbox'). Otherwise just continue,
and I'll forget about whatever was undefined.

! Missing number, treated as zero.
<to be read again> 
                   \vbox 
l.392 	\subfigure
                 [View 1]{
A number should have been here; I inserted `0'.
(If you can't figure out why I needed to see a number,
look up `weird error' in the index to The TeXbook.)

<figure/sp_diff_heter_k_8_view_3.pdf, id=90, 433.62pt x 361.35pt>
File: figure/sp_diff_heter_k_8_view_3.pdf Graphic file (type pdf)

<use figure/sp_diff_heter_k_8_view_3.pdf>
Package pdftex.def Info: figure/sp_diff_heter_k_8_view_3.pdf used on input line
 394.
(pdftex.def)             Requested size: 150.32504pt x 125.2724pt.

<figure/sp_diff_heter_k_8_view_2.pdf, id=91, 433.62pt x 361.35pt>
File: figure/sp_diff_heter_k_8_view_2.pdf Graphic file (type pdf)

<use figure/sp_diff_heter_k_8_view_2.pdf>
Package pdftex.def Info: figure/sp_diff_heter_k_8_view_2.pdf used on input line
 397.
(pdftex.def)             Requested size: 150.32504pt x 125.2724pt.

<figure/sp_diff_heter_k_8_view_1.pdf, id=92, 433.62pt x 361.35pt>
File: figure/sp_diff_heter_k_8_view_1.pdf Graphic file (type pdf)

<use figure/sp_diff_heter_k_8_view_1.pdf>
Package pdftex.def Info: figure/sp_diff_heter_k_8_view_1.pdf used on input line
 400.
(pdftex.def)             Requested size: 150.32504pt x 125.2724pt.

Overfull \hbox (7.98674pt too wide) in paragraph at lines 394--401
[][] [][] [][] 
 []

! Undefined control sequence.
\@largefloatcheck ->\ifdim \ht \@currbox 
                                         >\textheight \@tempdima -\textheigh...
l.402 \end{figure}
                  
The control sequence at the end of the top line
of your error message was never \def'ed. If you have
misspelled it (e.g., `\hobx'), type `I' and the correct
spelling (e.g., `I\hbox'). Otherwise just continue,
and I'll forget about whatever was undefined.

! Missing number, treated as zero.
<to be read again> 
                   >
l.402 \end{figure}
                  
A number should have been here; I inserted `0'.
(If you can't figure out why I needed to see a number,
look up `weird error' in the index to The TeXbook.)

! Undefined control sequence.
<argument> \@currbox 
                     
l.402 \end{figure}
                  
The control sequence at the end of the top line
of your error message was never \def'ed. If you have
misspelled it (e.g., `\hobx'), type `I' and the correct
spelling (e.g., `I\hbox'). Otherwise just continue,
and I'll forget about whatever was undefined.

! Argument of \@xnext has an extra }.
<inserted text> 
                \par 
l.402 \end{figure}
                  
I've run across a `}' that doesn't seem to match anything.
For example, `\def\a#1{...}' and `\a}' would produce
this error. If you simply proceed now, the `\par' that
I've just inserted will cause me to report a runaway
argument that might be the root of the problem. But if
your `}' was spurious, just type `2' and it will go away.

Runaway argument?
\@currbox \@currlist \ifnum \count \@currbox >\z@ \advance \@pageht \@pagedp \E
TC.
! Paragraph ended before \@xnext was complete.
<to be read again> 
                   \par 
l.402 \end{figure}
                  
I suspect you've forgotten a `}', causing me to apply this
control sequence to too much text. How can we recover?
My plan is to forget the whole thing and hope for the best.

! Extra \else.
\subfig@end@float ...penalty \@floatpenalty \else 
                                                  \vadjust {\penalty -\@Miv ...
l.402 \end{figure}
                  
I'm ignoring this; it doesn't match any \if.

! You can't use `\vadjust' in vertical mode.
\subfig@end@float ...@floatpenalty \else \vadjust 
                                                  {\penalty -\@Miv \vbox {}\...
l.402 \end{figure}
                  
Sorry, but I'm not programmed to handle this case;
I'll just pretend that you didn't ask for it.
If you're in the wrong mode, you might be able to
return to the right one by typing `I}' or `I$' or `I\par'.

! Argument of \@xnext has an extra }.
<inserted text> 
                \par 
l.402 \end{figure}
                  
I've run across a `}' that doesn't seem to match anything.
For example, `\def\a#1{...}' and `\a}' would produce
this error. If you simply proceed now, the `\par' that
I've just inserted will cause me to report a runaway
argument that might be the root of the problem. But if
your `}' was spurious, just type `2' and it will go away.

Runaway argument?
\@currbox \@currlist \ifnum \count \@currbox >\z@ \advance \@pageht \@pagedp \E
TC.
! Paragraph ended before \@xnext was complete.
<to be read again> 
                   \par 
l.402 \end{figure}
                  
I suspect you've forgotten a `}', causing me to apply this
control sequence to too much text. How can we recover?
My plan is to forget the whole thing and hope for the best.


! LaTeX Error: Too many unprocessed floats.

See the LaTeX manual or LaTeX Companion for explanation.
Type  H <return>  for immediate help.
 ...                                              
                                                  
l.407 	\subfigure
                 [2 components]{
You've lost some text.  Try typing  <return>  to proceed.
If that doesn't work, type  X <return>  to quit.

! Undefined control sequence.
\@float@Hx ...ltovf \fi \global \setbox \@currbox 
                                                  \color@vbox \normalcolor \...
l.407 	\subfigure
                 [2 components]{
The control sequence at the end of the top line
of your error message was never \def'ed. If you have
misspelled it (e.g., `\hobx'), type `I' and the correct
spelling (e.g., `I\hbox'). Otherwise just continue,
and I'll forget about whatever was undefined.

! Missing number, treated as zero.
<to be read again> 
                   \vbox 
l.407 	\subfigure
                 [2 components]{
A number should have been here; I inserted `0'.
(If you can't figure out why I needed to see a number,
look up `weird error' in the index to The TeXbook.)

<figure/sp_sym_heter_k_2.pdf, id=93, 433.62pt x 361.35pt>
File: figure/sp_sym_heter_k_2.pdf Graphic file (type pdf)

<use figure/sp_sym_heter_k_2.pdf>
Package pdftex.def Info: figure/sp_sym_heter_k_2.pdf used on input line 409.
(pdftex.def)             Requested size: 108.04164pt x 90.03401pt.

<figure/sp_sym_heter_k_3.pdf, id=94, 433.62pt x 361.35pt>
File: figure/sp_sym_heter_k_3.pdf Graphic file (type pdf)

<use figure/sp_sym_heter_k_3.pdf>
Package pdftex.def Info: figure/sp_sym_heter_k_3.pdf used on input line 412.
(pdftex.def)             Requested size: 108.04164pt x 90.03401pt.

<figure/sp_sym_heter_k_4.pdf, id=95, 433.62pt x 361.35pt>
File: figure/sp_sym_heter_k_4.pdf Graphic file (type pdf)

<use figure/sp_sym_heter_k_4.pdf>
Package pdftex.def Info: figure/sp_sym_heter_k_4.pdf used on input line 415.
(pdftex.def)             Requested size: 108.04164pt x 90.03401pt.

<figure/sp_sym_heter_k_8.pdf, id=96, 433.62pt x 361.35pt>
File: figure/sp_sym_heter_k_8.pdf Graphic file (type pdf)

<use figure/sp_sym_heter_k_8.pdf>
Package pdftex.def Info: figure/sp_sym_heter_k_8.pdf used on input line 418.
(pdftex.def)             Requested size: 108.04164pt x 90.03401pt.

! Undefined control sequence.
\@largefloatcheck ->\ifdim \ht \@currbox 
                                         >\textheight \@tempdima -\textheigh...
l.420 \end{figure}
                  
The control sequence at the end of the top line
of your error message was never \def'ed. If you have
misspelled it (e.g., `\hobx'), type `I' and the correct
spelling (e.g., `I\hbox'). Otherwise just continue,
and I'll forget about whatever was undefined.

! Missing number, treated as zero.
<to be read again> 
                   >
l.420 \end{figure}
                  
A number should have been here; I inserted `0'.
(If you can't figure out why I needed to see a number,
look up `weird error' in the index to The TeXbook.)

! Undefined control sequence.
<argument> \@currbox 
                     
l.420 \end{figure}
                  
The control sequence at the end of the top line
of your error message was never \def'ed. If you have
misspelled it (e.g., `\hobx'), type `I' and the correct
spelling (e.g., `I\hbox'). Otherwise just continue,
and I'll forget about whatever was undefined.

! Missing number, treated as zero.
<to be read again> 
                   \@elt 
l.420 \end{figure}
                  
A number should have been here; I inserted `0'.
(If you can't figure out why I needed to see a number,
look up `weird error' in the index to The TeXbook.)

! Missing = inserted for \ifnum.
<to be read again> 
                   \@elt 
l.420 \end{figure}
                  
I was expecting to see `<', `=', or `>'. Didn't.

! Missing number, treated as zero.
<to be read again> 
                   \@elt 
l.420 \end{figure}
                  
A number should have been here; I inserted `0'.
(If you can't figure out why I needed to see a number,
look up `weird error' in the index to The TeXbook.)


! LaTeX Error: This may be a LaTeX bug.

See the LaTeX manual or LaTeX Companion for explanation.
Type  H <return>  for immediate help.
 ...                                              
                                                  
l.420 \end{figure}
                  
Call for help

! Undefined control sequence.
\@addmarginpar ...advance \@tempdima \ht \@marbox 
                                                  \ifdim \@tempdima >\z@ \@l...
l.420 \end{figure}
                  
The control sequence at the end of the top line
of your error message was never \def'ed. If you have
misspelled it (e.g., `\hobx'), type `I' and the correct
spelling (e.g., `I\hbox'). Otherwise just continue,
and I'll forget about whatever was undefined.

! Bad register code (-5177346).
\@addmarginpar ...e \space moved}\else \@tempdima 
                                                  \z@ \fi \global \@mparbott...
l.420 \end{figure}
                  
A register number must be between 0 and 32767.
I changed this one to zero.

! Missing number, treated as zero.
<to be read again> 
                   \global 
l.420 \end{figure}
                  
A number should have been here; I inserted `0'.
(If you can't figure out why I needed to see a number,
look up `weird error' in the index to The TeXbook.)

! Illegal unit of measure (pt inserted).
<to be read again> 
                   \global 
l.420 \end{figure}
                  
Dimensions can be in units of em, ex, in, pt, pc,
cm, mm, dd, cc, nd, nc, bp, or sp; but yours is a new one!
I'll assume that you meant to say pt, for printer's points.
To recover gracefully from this error, it's best to
delete the erroneous units; e.g., type `2' to delete
two letters. (See Chapter 27 of The TeXbook.)

! Undefined control sequence.
\@addmarginpar ...vance \@mparbottom \dp \@marbox 
                                                  \global \advance \@mparbot...
l.420 \end{figure}
                  
The control sequence at the end of the top line
of your error message was never \def'ed. If you have
misspelled it (e.g., `\hobx'), type `I' and the correct
spelling (e.g., `I\hbox'). Otherwise just continue,
and I'll forget about whatever was undefined.

! Missing number, treated as zero.
<to be read again> 
                   \global 
l.420 \end{figure}
                  
A number should have been here; I inserted `0'.
(If you can't figure out why I needed to see a number,
look up `weird error' in the index to The TeXbook.)

! Undefined control sequence.
\@addmarginpar ...dvance \@tempdima -\ht \@marbox 
                                                  \global \setbox \@marbox \...
l.420 \end{figure}
                  
The control sequence at the end of the top line
of your error message was never \def'ed. If you have
misspelled it (e.g., `\hobx'), type `I' and the correct
spelling (e.g., `I\hbox'). Otherwise just continue,
and I'll forget about whatever was undefined.

! Missing number, treated as zero.
<to be read again> 
                   \global 
l.420 \end{figure}
                  
A number should have been here; I inserted `0'.
(If you can't figure out why I needed to see a number,
look up `weird error' in the index to The TeXbook.)

! Undefined control sequence.
\@addmarginpar ...marbox \global \setbox \@marbox 
                                                  \vbox {\vskip \@tempdima \...
l.420 \end{figure}
                  
The control sequence at the end of the top line
of your error message was never \def'ed. If you have
misspelled it (e.g., `\hobx'), type `I' and the correct
spelling (e.g., `I\hbox'). Otherwise just continue,
and I'll forget about whatever was undefined.

! Missing number, treated as zero.
<to be read again> 
                   \vbox 
l.420 \end{figure}
                  
A number should have been here; I inserted `0'.
(If you can't figure out why I needed to see a number,
look up `weird error' in the index to The TeXbook.)

! Undefined control sequence.
\@addmarginpar ...\vskip \@tempdima \box \@marbox 
                                                  }\global \ht \@marbox \z@ ...
l.420 \end{figure}
                  
The control sequence at the end of the top line
of your error message was never \def'ed. If you have
misspelled it (e.g., `\hobx'), type `I' and the correct
spelling (e.g., `I\hbox'). Otherwise just continue,
and I'll forget about whatever was undefined.

! Missing number, treated as zero.
<to be read again> 
                   }
l.420 \end{figure}
                  
A number should have been here; I inserted `0'.
(If you can't figure out why I needed to see a number,
look up `weird error' in the index to The TeXbook.)

! Undefined control sequence.
\@addmarginpar ... \@marbox }\global \ht \@marbox 
                                                  \z@ \global \dp \@marbox \...
l.420 \end{figure}
                  
The control sequence at the end of the top line
of your error message was never \def'ed. If you have
misspelled it (e.g., `\hobx'), type `I' and the correct
spelling (e.g., `I\hbox'). Otherwise just continue,
and I'll forget about whatever was undefined.

! Missing number, treated as zero.
<to be read again> 
                   \global 
l.420 \end{figure}
                  
A number should have been here; I inserted `0'.
(If you can't figure out why I needed to see a number,
look up `weird error' in the index to The TeXbook.)

! Illegal unit of measure (pt inserted).
<to be read again> 
                   \global 
l.420 \end{figure}
                  
Dimensions can be in units of em, ex, in, pt, pc,
cm, mm, dd, cc, nd, nc, bp, or sp; but yours is a new one!
I'll assume that you meant to say pt, for printer's points.
To recover gracefully from this error, it's best to
delete the erroneous units; e.g., type `2' to delete
two letters. (See Chapter 27 of The TeXbook.)

! Undefined control sequence.
\@addmarginpar ...marbox \z@ \global \dp \@marbox 
                                                  \z@ \kern -\@pagedp \noint...
l.420 \end{figure}
                  
The control sequence at the end of the top line
of your error message was never \def'ed. If you have
misspelled it (e.g., `\hobx'), type `I' and the correct
spelling (e.g., `I\hbox'). Otherwise just continue,
and I'll forget about whatever was undefined.

! Missing number, treated as zero.
<to be read again> 
                   \kern 
l.420 \end{figure}
                  
A number should have been here; I inserted `0'.
(If you can't figure out why I needed to see a number,
look up `weird error' in the index to The TeXbook.)

! Illegal unit of measure (pt inserted).
<to be read again> 
                   \kern 
l.420 \end{figure}
                  
Dimensions can be in units of em, ex, in, pt, pc,
cm, mm, dd, cc, nd, nc, bp, or sp; but yours is a new one!
I'll assume that you meant to say pt, for printer's points.
To recover gracefully from this error, it's best to
delete the erroneous units; e.g., type `2' to delete
two letters. (See Chapter 27 of The TeXbook.)

! Undefined control sequence.
\@addmarginpar ...arginparwidth \fi \box \@marbox 
                                                  \hss }\nointerlineskip \hb...
l.420 \end{figure}
                  
The control sequence at the end of the top line
of your error message was never \def'ed. If you have
misspelled it (e.g., `\hobx'), type `I' and the correct
spelling (e.g., `I\hbox'). Otherwise just continue,
and I'll forget about whatever was undefined.

! Missing number, treated as zero.
<to be read again> 
                   \hss 
l.420 \end{figure}
                  
A number should have been here; I inserted `0'.
(If you can't figure out why I needed to see a number,
look up `weird error' in the index to The TeXbook.)

(C:\Users\Double\Desktop\nonparametric_mixture\experiment\experiment.bbl)
Package atveryend Info: Empty hook `BeforeClearDocument' on input line 426.

[2 <C:/Users/Double/Desktop/nonparametric_mixture/experiment/figure/diff_gauss_
k_2_view_3.pdf> <C:/Users/Double/Desktop/nonparametric_mixture/experiment/figur
e/diff_gauss_k_2_view_2.pdf> <C:/Users/Double/Desktop/nonparametric_mixture/exp
eriment/figure/diff_gauss_k_2_view_1.pdf> <C:/Users/Double/Desktop/nonparametri
c_mixture/experiment/figure/diff_gauss_k_3_view_3.pdf> <C:/Users/Double/Desktop
/nonparametric_mixture/experiment/figure/diff_gauss_k_3_view_2.pdf> <C:/Users/D
ouble/Desktop/nonparametric_mixture/experiment/figure/diff_gauss_k_3_view_1.pdf
> <C:/Users/Double/Desktop/nonparametric_mixture/experiment/figure/sp_sym_heter
_k_2.pdf> <C:/Users/Double/Desktop/nonparametric_mixture/experiment/figure/sp_s
ym_heter_k_3.pdf> <C:/Users/Double/Desktop/nonparametric_mixture/experiment/fig
ure/sp_sym_heter_k_4.pdf> <C:/Users/Double/Desktop/nonparametric_mixture/experi
ment/figure/sp_sym_heter_k_8.pdf>] [3 <C:/Users/Double/Desktop/nonparametric_mi
xture/experiment/figure/diff_gauss_k_4_view_3.pdf> <C:/Users/Double/Desktop/non
parametric_mixture/experiment/figure/diff_gauss_k_4_view_2.pdf> <C:/Users/Doubl
e/Desktop/nonparametric_mixture/experiment/figure/diff_gauss_k_4_view_1.pdf> <C
:/Users/Double/Desktop/nonparametric_mixture/experiment/figure/diff_gauss_k_8_v
iew_3.pdf> <C:/Users/Double/Desktop/nonparametric_mixture/experiment/figure/dif
f_gauss_k_8_view_2.pdf> <C:/Users/Double/Desktop/nonparametric_mixture/experime
nt/figure/diff_gauss_k_8_view_1.pdf> <C:/Users/Double/Desktop/nonparametric_mix
ture/experiment/figure/sym_gauss_k_2.pdf> <C:/Users/Double/Desktop/nonparametri
c_mixture/experiment/figure/sym_gauss_k_3.pdf> <C:/Users/Double/Desktop/nonpara
metric_mixture/experiment/figure/sym_gauss_k_4.pdf> <C:/Users/Double/Desktop/no
nparametric_mixture/experiment/figure/sym_gauss_k_8.pdf>] [4 <C:/Users/Double/D
esktop/nonparametric_mixture/experiment/figure/sp_diff_gauss_k_2_view_3.pdf> <C
:/Users/Double/Desktop/nonparametric_mixture/experiment/figure/sp_diff_gauss_k_
2_view_2.pdf> <C:/Users/Double/Desktop/nonparametric_mixture/experiment/figure/
sp_diff_gauss_k_2_view_1.pdf> <C:/Users/Double/Desktop/nonparametric_mixture/ex
periment/figure/sp_diff_gauss_k_3_view_3.pdf> <C:/Users/Double/Desktop/nonparam
etric_mixture/experiment/figure/sp_diff_gauss_k_3_view_2.pdf> <C:/Users/Double/
Desktop/nonparametric_mixture/experiment/figure/sp_diff_gauss_k_3_view_1.pdf> <
C:/Users/Double/Desktop/nonparametric_mixture/experiment/figure/sp_diff_gauss_k
_4_view_3.pdf> <C:/Users/Double/Desktop/nonparametric_mixture/experiment/figure
/sp_diff_gauss_k_4_view_2.pdf> <C:/Users/Double/Desktop/nonparametric_mixture/e
xperiment/figure/sp_diff_gauss_k_4_view_1.pdf>] [5 <C:/Users/Double/Desktop/non
parametric_mixture/experiment/figure/sp_diff_gauss_k_8_view_3.pdf> <C:/Users/Do
uble/Desktop/nonparametric_mixture/experiment/figure/sp_diff_gauss_k_8_view_2.p
df> <C:/Users/Double/Desktop/nonparametric_mixture/experiment/figure/sp_diff_ga
uss_k_8_view_1.pdf> <C:/Users/Double/Desktop/nonparametric_mixture/experiment/f
igure/sp_sym_gauss_k_2.pdf> <C:/Users/Double/Desktop/nonparametric_mixture/expe
riment/figure/sp_sym_gauss_k_3.pdf> <C:/Users/Double/Desktop/nonparametric_mixt
ure/experiment/figure/sp_sym_gauss_k_4.pdf> <C:/Users/Double/Desktop/nonparamet
ric_mixture/experiment/figure/sp_sym_gauss_k_8.pdf> <C:/Users/Double/Desktop/no
nparametric_mixture/experiment/figure/diff_heter_k_2_view_3.pdf> <C:/Users/Doub
le/Desktop/nonparametric_mixture/experiment/figure/diff_heter_k_2_view_2.pdf> <
C:/Users/Double/Desktop/nonparametric_mixture/experiment/figure/diff_heter_k_2_
view_1.pdf>] [6 <C:/Users/Double/Desktop/nonparametric_mixture/experiment/figur
e/diff_heter_k_3_view_3.pdf> <C:/Users/Double/Desktop/nonparametric_mixture/exp
eriment/figure/diff_heter_k_3_view_2.pdf> <C:/Users/Double/Desktop/nonparametri
c_mixture/experiment/figure/diff_heter_k_3_view_1.pdf> <C:/Users/Double/Desktop
/nonparametric_mixture/experiment/figure/diff_heter_k_4_view_3.pdf> <C:/Users/D
ouble/Desktop/nonparametric_mixture/experiment/figure/diff_heter_k_4_view_2.pdf
> <C:/Users/Double/Desktop/nonparametric_mixture/experiment/figure/diff_heter_k
_4_view_1.pdf> <C:/Users/Double/Desktop/nonparametric_mixture/experiment/figure
/diff_heter_k_8_view_3.pdf> <C:/Users/Double/Desktop/nonparametric_mixture/expe
riment/figure/diff_heter_k_8_view_2.pdf> <C:/Users/Double/Desktop/nonparametric
_mixture/experiment/figure/diff_heter_k_8_view_1.pdf>] [7 <C:/Users/Double/Desk
top/nonparametric_mixture/experiment/figure/sym_heter_k_2.pdf> <C:/Users/Double
/Desktop/nonparametric_mixture/experiment/figure/sym_heter_k_3.pdf> <C:/Users/D
ouble/Desktop/nonparametric_mixture/experiment/figure/sym_heter_k_4.pdf> <C:/Us
ers/Double/Desktop/nonparametric_mixture/experiment/figure/sym_heter_k_8.pdf> <
C:/Users/Double/Desktop/nonparametric_mixture/experiment/figure/sp_diff_heter_k
_2_view_3.pdf> <C:/Users/Double/Desktop/nonparametric_mixture/experiment/figure
/sp_diff_heter_k_2_view_2.pdf> <C:/Users/Double/Desktop/nonparametric_mixture/e
xperiment/figure/sp_diff_heter_k_2_view_1.pdf> <C:/Users/Double/Desktop/nonpara
metric_mixture/experiment/figure/sp_diff_heter_k_3_view_3.pdf> <C:/Users/Double
/Desktop/nonparametric_mixture/experiment/figure/sp_diff_heter_k_3_view_2.pdf> 
<C:/Users/Double/Desktop/nonparametric_mixture/experiment/figure/sp_diff_heter_
k_3_view_1.pdf>] [8 <C:/Users/Double/Desktop/nonparametric_mixture/experiment/f
igure/sp_diff_heter_k_4_view_3.pdf> <C:/Users/Double/Desktop/nonparametric_mixt
ure/experiment/figure/sp_diff_heter_k_4_view_2.pdf> <C:/Users/Double/Desktop/no
nparametric_mixture/experiment/figure/sp_diff_heter_k_4_view_1.pdf>]
Package atveryend Info: Empty hook `AfterLastShipout' on input line 426.

(C:\Users\Double\Desktop\nonparametric_mixture\experiment\experiment.aux)
Package atveryend Info: Executing hook `AtVeryEndDocument' on input line 426.
Package atveryend Info: Executing hook `AtEndAfterFileList' on input line 426.


Package rerunfilecheck Warning: File `experiment.out' has changed.
(rerunfilecheck)                Rerun to get outlines right
(rerunfilecheck)                or use package `bookmark'.

Package rerunfilecheck Info: Checksums for `experiment.out':
(rerunfilecheck)             Before: <no file>
(rerunfilecheck)             After:  12BDFB184E02A667E7297379F4D91B05;53.
 )
(\end occurred when \ifnum on line 402 was incomplete)
(\end occurred when \ifnum on line 402 was incomplete)
(\end occurred when \ifx on line 402 was incomplete)
(\end occurred when \ifnum on line 402 was incomplete)
(\end occurred when \ifnum on line 402 was incomplete)
(\end occurred when \ifnum on line 402 was incomplete)
(\end occurred when \ifnum on line 402 was incomplete)
(\end occurred when \ifnum on line 402 was incomplete) 
Here is how much of TeX's memory you used:
 7359 strings out of 495354
 108968 string characters out of 3182739
 209291 words of memory out of 3000000
 10294 multiletter control sequences out of 15000+200000
 11550 words of font info for 44 fonts, out of 3000000 for 9000
 14 hyphenation exceptions out of 8191
 29i,7n,35p,1611b,327s stack positions out of 5000i,500n,10000p,200000b,50000s
<C:/Program Files (x86)/C
TEX/MiKTeX/fonts/type1/public/amsfonts/cm/cmbx12.pfb><C:/Program Files (x86)/CT
EX/MiKTeX/fonts/type1/public/amsfonts/cm/cmex10.pfb><C:/Program Files (x86)/CTE
X/MiKTeX/fonts/type1/public/amsfonts/cmextra/cmex8.pfb><C:/Program Files (x86)/
CTEX/MiKTeX/fonts/type1/public/amsfonts/cm/cmmi10.pfb><C:/Program Files (x86)/C
TEX/MiKTeX/fonts/type1/public/amsfonts/cm/cmmi6.pfb><C:/Program Files (x86)/CTE
X/MiKTeX/fonts/type1/public/amsfonts/cm/cmmi8.pfb><C:/Program Files (x86)/CTEX/
MiKTeX/fonts/type1/public/amsfonts/cm/cmr10.pfb><C:/Program Files (x86)/CTEX/Mi
KTeX/fonts/type1/public/amsfonts/cm/cmr12.pfb><C:/Program Files (x86)/CTEX/MiKT
eX/fonts/type1/public/amsfonts/cm/cmr17.pfb><C:/Program Files (x86)/CTEX/MiKTeX
/fonts/type1/public/amsfonts/cm/cmr6.pfb><C:/Program Files (x86)/CTEX/MiKTeX/fo
nts/type1/public/amsfonts/cm/cmr8.pfb><C:/Program Files (x86)/CTEX/MiKTeX/fonts
/type1/public/amsfonts/cm/cmr9.pfb><C:/Program Files (x86)/CTEX/MiKTeX/fonts/ty
pe1/public/amsfonts/cm/cmsy10.pfb><C:/Program Files (x86)/CTEX/MiKTeX/fonts/typ
e1/public/amsfonts/cm/cmsy8.pfb><C:/Program Files (x86)/CTEX/MiKTeX/fonts/type1
/public/amsfonts/cm/cmti10.pfb><C:/Program Files (x86)/CTEX/MiKTeX/fonts/type1/
public/amsfonts/cm/cmtt10.pfb>
Output written on experiment.pdf (8 pages, 332327 bytes).
PDF statistics:
 462 PDF objects out of 1000 (max. 8388607)
 93 named destinations out of 1000 (max. 500000)
 321 words of extra memory for PDF output out of 10000 (max. 10000000)

